This is pdfTeX, Version 3.14159265-2.6-1.40.16 (TeX Live 2015) (preloaded format=pdflatex 2015.5.24)  10 JUL 2016 01:35
entering extended mode
 restricted \write18 enabled.
 %&-line parsing enabled.
**YourName-thesis.tex
(./YourName-thesis.tex
LaTeX2e <2015/01/01>
Babel <3.9l> and hyphenation patterns for 79 languages loaded.
(./ncsuthesis.cls
Document Class: ncsuthesis 2012/01/26 v0.4 NC State ETD conformant thesis class

(/usr/local/texlive/2015/texmf-dist/tex/latex/base/book.cls
Document Class: book 2014/09/29 v1.4h Standard LaTeX document class
(/usr/local/texlive/2015/texmf-dist/tex/latex/base/bk11.clo
File: bk11.clo 2014/09/29 v1.4h Standard LaTeX file (size option)
)
\c@part=\count79
\c@chapter=\count80
\c@section=\count81
\c@subsection=\count82
\c@subsubsection=\count83
\c@paragraph=\count84
\c@subparagraph=\count85
\c@figure=\count86
\c@table=\count87
\abovecaptionskip=\skip41
\belowcaptionskip=\skip42
\bibindent=\dimen102
)
(/usr/local/texlive/2015/texmf-dist/tex/latex/setspace/setspace.sty
Package: setspace 2011/12/19 v6.7a set line spacing
)
(/usr/local/texlive/2015/texmf-dist/tex/latex/hyphenat/hyphenat.sty
Package: hyphenat 2009/09/02 v2.3c hyphenation utilities
\langwohyphens=\language80
LaTeX Info: Redefining \_ on input line 43.
)
(/usr/local/texlive/2015/texmf-dist/tex/latex/nolbreaks/nolbreaks.sty
Package: nolbreaks 2012/05/31  v 1.2  - no linebreaks in text
\nb@counter=\count88
\nb@RestHyph=\toks14
)
(/usr/local/texlive/2015/texmf-dist/tex/latex/base/ifthen.sty
Package: ifthen 2014/09/29 v1.1c Standard LaTeX ifthen package (DPC)
)
(/usr/local/texlive/2015/texmf-dist/tex/latex/sectsty/sectsty.sty
Package: sectsty 2002/02/25 v2.0.2 Commands to change all sectional heading sty
les
)
(/usr/local/texlive/2015/texmf-dist/tex/latex/tocloft/tocloft.sty
Package: tocloft 2013/05/02 v2.3f parameterised ToC, etc., typesetting
Package tocloft Info: The document has chapter divisions on input line 44.
\cftparskip=\skip43
\cftbeforetoctitleskip=\skip44
\cftaftertoctitleskip=\skip45
\cftbeforepartskip=\skip46
\cftpartnumwidth=\skip47
\cftpartindent=\skip48
\cftbeforechapskip=\skip49
\cftchapindent=\skip50
\cftchapnumwidth=\skip51
\cftbeforesecskip=\skip52
\cftsecindent=\skip53
\cftsecnumwidth=\skip54
\cftbeforesubsecskip=\skip55
\cftsubsecindent=\skip56
\cftsubsecnumwidth=\skip57
\cftbeforesubsubsecskip=\skip58
\cftsubsubsecindent=\skip59
\cftsubsubsecnumwidth=\skip60
\cftbeforeparaskip=\skip61
\cftparaindent=\skip62
\cftparanumwidth=\skip63
\cftbeforesubparaskip=\skip64
\cftsubparaindent=\skip65
\cftsubparanumwidth=\skip66
\cftbeforeloftitleskip=\skip67
\cftafterloftitleskip=\skip68
\cftbeforefigskip=\skip69
\cftfigindent=\skip70
\cftfignumwidth=\skip71
\c@lofdepth=\count89
\c@lotdepth=\count90
\cftbeforelottitleskip=\skip72
\cftafterlottitleskip=\skip73
\cftbeforetabskip=\skip74
\cfttabindent=\skip75
\cfttabnumwidth=\skip76
)
(/usr/local/texlive/2015/texmf-dist/tex/latex/graphics/graphicx.sty
Package: graphicx 2014/10/28 v1.0g Enhanced LaTeX Graphics (DPC,SPQR)

(/usr/local/texlive/2015/texmf-dist/tex/latex/graphics/keyval.sty
Package: keyval 2014/10/28 v1.15 key=value parser (DPC)
\KV@toks@=\toks15
)
(/usr/local/texlive/2015/texmf-dist/tex/latex/graphics/graphics.sty
Package: graphics 2014/10/28 v1.0p Standard LaTeX Graphics (DPC,SPQR)

(/usr/local/texlive/2015/texmf-dist/tex/latex/graphics/trig.sty
Package: trig 1999/03/16 v1.09 sin cos tan (DPC)
)
(/usr/local/texlive/2015/texmf-dist/tex/latex/latexconfig/graphics.cfg
File: graphics.cfg 2010/04/23 v1.9 graphics configuration of TeX Live
)
Package graphics Info: Driver file: pdftex.def on input line 94.

(/usr/local/texlive/2015/texmf-dist/tex/latex/pdftex-def/pdftex.def
File: pdftex.def 2011/05/27 v0.06d Graphics/color for pdfTeX

(/usr/local/texlive/2015/texmf-dist/tex/generic/oberdiek/infwarerr.sty
Package: infwarerr 2010/04/08 v1.3 Providing info/warning/error messages (HO)
)
(/usr/local/texlive/2015/texmf-dist/tex/generic/oberdiek/ltxcmds.sty
Package: ltxcmds 2011/11/09 v1.22 LaTeX kernel commands for general use (HO)
)
\Gread@gobject=\count91
))
\Gin@req@height=\dimen103
\Gin@req@width=\dimen104
)
(/usr/local/texlive/2015/texmf-dist/tex/latex/tocbibind/tocbibind.sty
Package: tocbibind 2010/10/13 v1.5k extra ToC listings
Package tocbibind Info: The document has chapter divisions on input line 50.


Package tocbibind Note: Using chapter style headings, unless overridden.

) (/usr/local/texlive/2015/texmf-dist/tex/latex/tools/calc.sty
Package: calc 2014/10/28 v4.3 Infix arithmetic (KKT,FJ)
\calc@Acount=\count92
\calc@Bcount=\count93
\calc@Adimen=\dimen105
\calc@Bdimen=\dimen106
\calc@Askip=\skip77
\calc@Bskip=\skip78
LaTeX Info: Redefining \setlength on input line 80.
LaTeX Info: Redefining \addtolength on input line 81.
\calc@Ccount=\count94
\calc@Cskip=\skip79
)
\ncsu@capitalheight=\skip80
\ncsu@lineheight=\skip81
\ncsu@leading=\skip82
\ncsu@footskip=\skip83

(/usr/local/texlive/2015/texmf-dist/tex/latex/geometry/geometry.sty
Package: geometry 2010/09/12 v5.6 Page Geometry

(/usr/local/texlive/2015/texmf-dist/tex/generic/oberdiek/ifpdf.sty
Package: ifpdf 2011/01/30 v2.3 Provides the ifpdf switch (HO)
Package ifpdf Info: pdfTeX in PDF mode is detected.
)
(/usr/local/texlive/2015/texmf-dist/tex/generic/oberdiek/ifvtex.sty
Package: ifvtex 2010/03/01 v1.5 Detect VTeX and its facilities (HO)
Package ifvtex Info: VTeX not detected.
)
(/usr/local/texlive/2015/texmf-dist/tex/generic/ifxetex/ifxetex.sty
Package: ifxetex 2010/09/12 v0.6 Provides ifxetex conditional
)
\Gm@cnth=\count95
\Gm@cntv=\count96
\c@Gm@tempcnt=\count97
\Gm@bindingoffset=\dimen107
\Gm@wd@mp=\dimen108
\Gm@odd@mp=\dimen109
\Gm@even@mp=\dimen110
\Gm@layoutwidth=\dimen111
\Gm@layoutheight=\dimen112
\Gm@layouthoffset=\dimen113
\Gm@layoutvoffset=\dimen114
\Gm@dimlist=\toks16
)
\ncsu@afterschapsep=\skip84
\ncsu@afterschapbeforeleadingsep=\skip85

(/usr/local/texlive/2015/texmf-dist/tex/latex/oberdiek/pdflscape.sty
Package: pdflscape 2008/08/11 v0.10 Display of landscape pages in PDF (HO)

(/usr/local/texlive/2015/texmf-dist/tex/latex/graphics/lscape.sty
Package: lscape 2000/10/22 v3.01 Landscape Pages (DPC)
)
Package pdflscape Info: Auto-detected driver: pdftex on input line 80.
)
(/usr/local/texlive/2015/texmf-dist/tex/latex/fancyhdr/fancyhdr.sty
\fancy@headwidth=\skip86
\f@ncyO@elh=\skip87
\f@ncyO@erh=\skip88
\f@ncyO@olh=\skip89
\f@ncyO@orh=\skip90
\f@ncyO@elf=\skip91
\f@ncyO@erf=\skip92
\f@ncyO@olf=\skip93
\f@ncyO@orf=\skip94
)
(/usr/local/texlive/2015/texmf-dist/tex/latex/rotating/rotating.sty
Package: rotating 2009/03/28 v2.16a rotated objects in LaTeX
\c@r@tfl@t=\count98
\rotFPtop=\skip95
\rotFPbot=\skip96
\rot@float@box=\box26
\rot@mess@toks=\toks17
)
\portraittextheight=\skip97
\portraittextwidth=\skip98

(/usr/local/texlive/2015/texmf-dist/tex/latex/tools/afterpage.sty
Package: afterpage 2014/10/28 v1.08 After-Page Package (DPC)
\AP@output=\toks18
\AP@partial=\box27
\AP@footins=\box28
)
(./changepage.sty
Package: changepage 2009/10/20 v1.0c check page and change page layout
\c@cp@cntr=\count99
\cp@tempcnt=\count100
)
(/usr/local/texlive/2015/texmf-dist/tex/latex/caption/caption.sty
Package: caption 2013/05/02 v3.3-89 Customizing captions (AR)

(/usr/local/texlive/2015/texmf-dist/tex/latex/caption/caption3.sty
Package: caption3 2013/05/02 v1.6-88 caption3 kernel (AR)
Package caption3 Info: TeX engine: e-TeX on input line 57.
\captionmargin=\dimen115
\captionmargin@=\dimen116
\captionwidth=\dimen117
\caption@tempdima=\dimen118
\caption@indent=\dimen119
\caption@parindent=\dimen120
\caption@hangindent=\dimen121
)
\c@ContinuedFloat=\count101
Package caption Info: rotating package is loaded.
)
\appendixwidth=\skip99

(./totcount.sty
Package: totcount 2009/07/09 v1.1 package for gettingthe total value of LaTeX c
ounters
)
\c@chapter@totc=\count102
)
(/usr/local/texlive/2015/texmf-dist/tex/latex/booktabs/booktabs.sty
Package: booktabs 2005/04/14 v1.61803 publication quality tables
\heavyrulewidth=\dimen122
\lightrulewidth=\dimen123
\cmidrulewidth=\dimen124
\belowrulesep=\dimen125
\belowbottomsep=\dimen126
\aboverulesep=\dimen127
\abovetopsep=\dimen128
\cmidrulesep=\dimen129
\cmidrulekern=\dimen130
\defaultaddspace=\dimen131
\@cmidla=\count103
\@cmidlb=\count104
\@aboverulesep=\dimen132
\@belowrulesep=\dimen133
\@thisruleclass=\count105
\@lastruleclass=\count106
\@thisrulewidth=\dimen134
)
(/usr/local/texlive/2015/texmf-dist/tex/latex/amsmath/amsmath.sty
Package: amsmath 2013/01/14 v2.14 AMS math features
\@mathmargin=\skip100

For additional information on amsmath, use the `?' option.
(/usr/local/texlive/2015/texmf-dist/tex/latex/amsmath/amstext.sty
Package: amstext 2000/06/29 v2.01

(/usr/local/texlive/2015/texmf-dist/tex/latex/amsmath/amsgen.sty
File: amsgen.sty 1999/11/30 v2.0
\@emptytoks=\toks19
\ex@=\dimen135
))
(/usr/local/texlive/2015/texmf-dist/tex/latex/amsmath/amsbsy.sty
Package: amsbsy 1999/11/29 v1.2d
\pmbraise@=\dimen136
)
(/usr/local/texlive/2015/texmf-dist/tex/latex/amsmath/amsopn.sty
Package: amsopn 1999/12/14 v2.01 operator names
)
\inf@bad=\count107
LaTeX Info: Redefining \frac on input line 210.
\uproot@=\count108
\leftroot@=\count109
LaTeX Info: Redefining \overline on input line 306.
\classnum@=\count110
\DOTSCASE@=\count111
LaTeX Info: Redefining \ldots on input line 378.
LaTeX Info: Redefining \dots on input line 381.
LaTeX Info: Redefining \cdots on input line 466.
\Mathstrutbox@=\box29
\strutbox@=\box30
\big@size=\dimen137
LaTeX Font Info:    Redeclaring font encoding OML on input line 566.
LaTeX Font Info:    Redeclaring font encoding OMS on input line 567.
\macc@depth=\count112
\c@MaxMatrixCols=\count113
\dotsspace@=\muskip10
\c@parentequation=\count114
\dspbrk@lvl=\count115
\tag@help=\toks20
\row@=\count116
\column@=\count117
\maxfields@=\count118
\andhelp@=\toks21
\eqnshift@=\dimen138
\alignsep@=\dimen139
\tagshift@=\dimen140
\tagwidth@=\dimen141
\totwidth@=\dimen142
\lineht@=\dimen143
\@envbody=\toks22
\multlinegap=\skip101
\multlinetaggap=\skip102
\mathdisplay@stack=\toks23
LaTeX Info: Redefining \[ on input line 2665.
LaTeX Info: Redefining \] on input line 2666.
)
(/usr/local/texlive/2015/texmf-dist/tex/latex/base/textcomp.sty
Package: textcomp 2005/09/27 v1.99g Standard LaTeX package
Package textcomp Info: Sub-encoding information:
(textcomp)               5 = only ISO-Adobe without \textcurrency
(textcomp)               4 = 5 + \texteuro
(textcomp)               3 = 4 + \textohm
(textcomp)               2 = 3 + \textestimated + \textcurrency
(textcomp)               1 = TS1 - \textcircled - \t
(textcomp)               0 = TS1 (full)
(textcomp)             Font families with sub-encoding setting implement
(textcomp)             only a restricted character set as indicated.
(textcomp)             Family '?' is the default used for unknown fonts.
(textcomp)             See the documentation for details.
Package textcomp Info: Setting ? sub-encoding to TS1/1 on input line 79.

(/usr/local/texlive/2015/texmf-dist/tex/latex/base/ts1enc.def
File: ts1enc.def 2001/06/05 v3.0e (jk/car/fm) Standard LaTeX file
)
LaTeX Info: Redefining \oldstylenums on input line 334.
Package textcomp Info: Setting cmr sub-encoding to TS1/0 on input line 349.
Package textcomp Info: Setting cmss sub-encoding to TS1/0 on input line 350.
Package textcomp Info: Setting cmtt sub-encoding to TS1/0 on input line 351.
Package textcomp Info: Setting cmvtt sub-encoding to TS1/0 on input line 352.
Package textcomp Info: Setting cmbr sub-encoding to TS1/0 on input line 353.
Package textcomp Info: Setting cmtl sub-encoding to TS1/0 on input line 354.
Package textcomp Info: Setting ccr sub-encoding to TS1/0 on input line 355.
Package textcomp Info: Setting ptm sub-encoding to TS1/4 on input line 356.
Package textcomp Info: Setting pcr sub-encoding to TS1/4 on input line 357.
Package textcomp Info: Setting phv sub-encoding to TS1/4 on input line 358.
Package textcomp Info: Setting ppl sub-encoding to TS1/3 on input line 359.
Package textcomp Info: Setting pag sub-encoding to TS1/4 on input line 360.
Package textcomp Info: Setting pbk sub-encoding to TS1/4 on input line 361.
Package textcomp Info: Setting pnc sub-encoding to TS1/4 on input line 362.
Package textcomp Info: Setting pzc sub-encoding to TS1/4 on input line 363.
Package textcomp Info: Setting bch sub-encoding to TS1/4 on input line 364.
Package textcomp Info: Setting put sub-encoding to TS1/5 on input line 365.
Package textcomp Info: Setting uag sub-encoding to TS1/5 on input line 366.
Package textcomp Info: Setting ugq sub-encoding to TS1/5 on input line 367.
Package textcomp Info: Setting ul8 sub-encoding to TS1/4 on input line 368.
Package textcomp Info: Setting ul9 sub-encoding to TS1/4 on input line 369.
Package textcomp Info: Setting augie sub-encoding to TS1/5 on input line 370.
Package textcomp Info: Setting dayrom sub-encoding to TS1/3 on input line 371.
Package textcomp Info: Setting dayroms sub-encoding to TS1/3 on input line 372.

Package textcomp Info: Setting pxr sub-encoding to TS1/0 on input line 373.
Package textcomp Info: Setting pxss sub-encoding to TS1/0 on input line 374.
Package textcomp Info: Setting pxtt sub-encoding to TS1/0 on input line 375.
Package textcomp Info: Setting txr sub-encoding to TS1/0 on input line 376.
Package textcomp Info: Setting txss sub-encoding to TS1/0 on input line 377.
Package textcomp Info: Setting txtt sub-encoding to TS1/0 on input line 378.
Package textcomp Info: Setting lmr sub-encoding to TS1/0 on input line 379.
Package textcomp Info: Setting lmdh sub-encoding to TS1/0 on input line 380.
Package textcomp Info: Setting lmss sub-encoding to TS1/0 on input line 381.
Package textcomp Info: Setting lmssq sub-encoding to TS1/0 on input line 382.
Package textcomp Info: Setting lmvtt sub-encoding to TS1/0 on input line 383.
Package textcomp Info: Setting lmtt sub-encoding to TS1/0 on input line 384.
Package textcomp Info: Setting qhv sub-encoding to TS1/0 on input line 385.
Package textcomp Info: Setting qag sub-encoding to TS1/0 on input line 386.
Package textcomp Info: Setting qbk sub-encoding to TS1/0 on input line 387.
Package textcomp Info: Setting qcr sub-encoding to TS1/0 on input line 388.
Package textcomp Info: Setting qcs sub-encoding to TS1/0 on input line 389.
Package textcomp Info: Setting qpl sub-encoding to TS1/0 on input line 390.
Package textcomp Info: Setting qtm sub-encoding to TS1/0 on input line 391.
Package textcomp Info: Setting qzc sub-encoding to TS1/0 on input line 392.
Package textcomp Info: Setting qhvc sub-encoding to TS1/0 on input line 393.
Package textcomp Info: Setting futs sub-encoding to TS1/4 on input line 394.
Package textcomp Info: Setting futx sub-encoding to TS1/4 on input line 395.
Package textcomp Info: Setting futj sub-encoding to TS1/4 on input line 396.
Package textcomp Info: Setting hlh sub-encoding to TS1/3 on input line 397.
Package textcomp Info: Setting hls sub-encoding to TS1/3 on input line 398.
Package textcomp Info: Setting hlst sub-encoding to TS1/3 on input line 399.
Package textcomp Info: Setting hlct sub-encoding to TS1/5 on input line 400.
Package textcomp Info: Setting hlx sub-encoding to TS1/5 on input line 401.
Package textcomp Info: Setting hlce sub-encoding to TS1/5 on input line 402.
Package textcomp Info: Setting hlcn sub-encoding to TS1/5 on input line 403.
Package textcomp Info: Setting hlcw sub-encoding to TS1/5 on input line 404.
Package textcomp Info: Setting hlcf sub-encoding to TS1/5 on input line 405.
Package textcomp Info: Setting pplx sub-encoding to TS1/3 on input line 406.
Package textcomp Info: Setting pplj sub-encoding to TS1/3 on input line 407.
Package textcomp Info: Setting ptmx sub-encoding to TS1/4 on input line 408.
Package textcomp Info: Setting ptmj sub-encoding to TS1/4 on input line 409.
)
(/usr/local/texlive/2015/texmf-dist/tex/latex/lipsum/lipsum.sty
Package: lipsum 2014/07/27 v1.3 150 paragraphs of Lorem Ipsum dummy text
\c@lips@count=\count119
)
(/usr/local/texlive/2015/texmf-dist/tex/latex/subfig/subfig.sty
Package: subfig 2005/06/28 ver: 1.3 subfig package
\c@KVtest=\count120
\sf@farskip=\skip103
\sf@captopadj=\dimen144
\sf@capskip=\skip104
\sf@nearskip=\skip105
\c@subfigure=\count121
\c@subfigure@save=\count122
\c@subtable=\count123
\c@subtable@save=\count124
\sf@top=\skip106
\sf@bottom=\skip107
)
(/usr/local/texlive/2015/texmf-dist/tex/latex/preprint/balance.sty
Package: balance 1999/02/23 4.3 (PWD)
\oldvsize=\dimen145
)
(/usr/local/texlive/2015/texmf-dist/tex/latex/base/inputenc.sty
Package: inputenc 2015/03/17 v1.2c Input encoding file
\inpenc@prehook=\toks24
\inpenc@posthook=\toks25

(/usr/local/texlive/2015/texmf-dist/tex/latex/base/utf8.def
File: utf8.def 2014/09/29 v1.1m UTF-8 support for inputenc
Now handling font encoding OML ...
... no UTF-8 mapping file for font encoding OML
Now handling font encoding T1 ...
... processing UTF-8 mapping file for font encoding T1

(/usr/local/texlive/2015/texmf-dist/tex/latex/base/t1enc.dfu
File: t1enc.dfu 2014/09/29 v1.1m UTF-8 support for inputenc
   defining Unicode char U+00A1 (decimal 161)
   defining Unicode char U+00A3 (decimal 163)
   defining Unicode char U+00AB (decimal 171)
   defining Unicode char U+00BB (decimal 187)
   defining Unicode char U+00BF (decimal 191)
   defining Unicode char U+00C0 (decimal 192)
   defining Unicode char U+00C1 (decimal 193)
   defining Unicode char U+00C2 (decimal 194)
   defining Unicode char U+00C3 (decimal 195)
   defining Unicode char U+00C4 (decimal 196)
   defining Unicode char U+00C5 (decimal 197)
   defining Unicode char U+00C6 (decimal 198)
   defining Unicode char U+00C7 (decimal 199)
   defining Unicode char U+00C8 (decimal 200)
   defining Unicode char U+00C9 (decimal 201)
   defining Unicode char U+00CA (decimal 202)
   defining Unicode char U+00CB (decimal 203)
   defining Unicode char U+00CC (decimal 204)
   defining Unicode char U+00CD (decimal 205)
   defining Unicode char U+00CE (decimal 206)
   defining Unicode char U+00CF (decimal 207)
   defining Unicode char U+00D0 (decimal 208)
   defining Unicode char U+00D1 (decimal 209)
   defining Unicode char U+00D2 (decimal 210)
   defining Unicode char U+00D3 (decimal 211)
   defining Unicode char U+00D4 (decimal 212)
   defining Unicode char U+00D5 (decimal 213)
   defining Unicode char U+00D6 (decimal 214)
   defining Unicode char U+00D8 (decimal 216)
   defining Unicode char U+00D9 (decimal 217)
   defining Unicode char U+00DA (decimal 218)
   defining Unicode char U+00DB (decimal 219)
   defining Unicode char U+00DC (decimal 220)
   defining Unicode char U+00DD (decimal 221)
   defining Unicode char U+00DE (decimal 222)
   defining Unicode char U+00DF (decimal 223)
   defining Unicode char U+00E0 (decimal 224)
   defining Unicode char U+00E1 (decimal 225)
   defining Unicode char U+00E2 (decimal 226)
   defining Unicode char U+00E3 (decimal 227)
   defining Unicode char U+00E4 (decimal 228)
   defining Unicode char U+00E5 (decimal 229)
   defining Unicode char U+00E6 (decimal 230)
   defining Unicode char U+00E7 (decimal 231)
   defining Unicode char U+00E8 (decimal 232)
   defining Unicode char U+00E9 (decimal 233)
   defining Unicode char U+00EA (decimal 234)
   defining Unicode char U+00EB (decimal 235)
   defining Unicode char U+00EC (decimal 236)
   defining Unicode char U+00ED (decimal 237)
   defining Unicode char U+00EE (decimal 238)
   defining Unicode char U+00EF (decimal 239)
   defining Unicode char U+00F0 (decimal 240)
   defining Unicode char U+00F1 (decimal 241)
   defining Unicode char U+00F2 (decimal 242)
   defining Unicode char U+00F3 (decimal 243)
   defining Unicode char U+00F4 (decimal 244)
   defining Unicode char U+00F5 (decimal 245)
   defining Unicode char U+00F6 (decimal 246)
   defining Unicode char U+00F8 (decimal 248)
   defining Unicode char U+00F9 (decimal 249)
   defining Unicode char U+00FA (decimal 250)
   defining Unicode char U+00FB (decimal 251)
   defining Unicode char U+00FC (decimal 252)
   defining Unicode char U+00FD (decimal 253)
   defining Unicode char U+00FE (decimal 254)
   defining Unicode char U+00FF (decimal 255)
   defining Unicode char U+0102 (decimal 258)
   defining Unicode char U+0103 (decimal 259)
   defining Unicode char U+0104 (decimal 260)
   defining Unicode char U+0105 (decimal 261)
   defining Unicode char U+0106 (decimal 262)
   defining Unicode char U+0107 (decimal 263)
   defining Unicode char U+010C (decimal 268)
   defining Unicode char U+010D (decimal 269)
   defining Unicode char U+010E (decimal 270)
   defining Unicode char U+010F (decimal 271)
   defining Unicode char U+0110 (decimal 272)
   defining Unicode char U+0111 (decimal 273)
   defining Unicode char U+0118 (decimal 280)
   defining Unicode char U+0119 (decimal 281)
   defining Unicode char U+011A (decimal 282)
   defining Unicode char U+011B (decimal 283)
   defining Unicode char U+011E (decimal 286)
   defining Unicode char U+011F (decimal 287)
   defining Unicode char U+0130 (decimal 304)
   defining Unicode char U+0131 (decimal 305)
   defining Unicode char U+0132 (decimal 306)
   defining Unicode char U+0133 (decimal 307)
   defining Unicode char U+0139 (decimal 313)
   defining Unicode char U+013A (decimal 314)
   defining Unicode char U+013D (decimal 317)
   defining Unicode char U+013E (decimal 318)
   defining Unicode char U+0141 (decimal 321)
   defining Unicode char U+0142 (decimal 322)
   defining Unicode char U+0143 (decimal 323)
   defining Unicode char U+0144 (decimal 324)
   defining Unicode char U+0147 (decimal 327)
   defining Unicode char U+0148 (decimal 328)
   defining Unicode char U+014A (decimal 330)
   defining Unicode char U+014B (decimal 331)
   defining Unicode char U+0150 (decimal 336)
   defining Unicode char U+0151 (decimal 337)
   defining Unicode char U+0152 (decimal 338)
   defining Unicode char U+0153 (decimal 339)
   defining Unicode char U+0154 (decimal 340)
   defining Unicode char U+0155 (decimal 341)
   defining Unicode char U+0158 (decimal 344)
   defining Unicode char U+0159 (decimal 345)
   defining Unicode char U+015A (decimal 346)
   defining Unicode char U+015B (decimal 347)
   defining Unicode char U+015E (decimal 350)
   defining Unicode char U+015F (decimal 351)
   defining Unicode char U+0160 (decimal 352)
   defining Unicode char U+0161 (decimal 353)
   defining Unicode char U+0162 (decimal 354)
   defining Unicode char U+0163 (decimal 355)
   defining Unicode char U+0164 (decimal 356)
   defining Unicode char U+0165 (decimal 357)
   defining Unicode char U+016E (decimal 366)
   defining Unicode char U+016F (decimal 367)
   defining Unicode char U+0170 (decimal 368)
   defining Unicode char U+0171 (decimal 369)
   defining Unicode char U+0178 (decimal 376)
   defining Unicode char U+0179 (decimal 377)
   defining Unicode char U+017A (decimal 378)
   defining Unicode char U+017B (decimal 379)
   defining Unicode char U+017C (decimal 380)
   defining Unicode char U+017D (decimal 381)
   defining Unicode char U+017E (decimal 382)
   defining Unicode char U+200C (decimal 8204)
   defining Unicode char U+2013 (decimal 8211)
   defining Unicode char U+2014 (decimal 8212)
   defining Unicode char U+2018 (decimal 8216)
   defining Unicode char U+2019 (decimal 8217)
   defining Unicode char U+201A (decimal 8218)
   defining Unicode char U+201C (decimal 8220)
   defining Unicode char U+201D (decimal 8221)
   defining Unicode char U+201E (decimal 8222)
   defining Unicode char U+2030 (decimal 8240)
   defining Unicode char U+2031 (decimal 8241)
   defining Unicode char U+2039 (decimal 8249)
   defining Unicode char U+203A (decimal 8250)
   defining Unicode char U+2423 (decimal 9251)
)
Now handling font encoding OT1 ...
... processing UTF-8 mapping file for font encoding OT1

(/usr/local/texlive/2015/texmf-dist/tex/latex/base/ot1enc.dfu
File: ot1enc.dfu 2014/09/29 v1.1m UTF-8 support for inputenc
   defining Unicode char U+00A1 (decimal 161)
   defining Unicode char U+00A3 (decimal 163)
   defining Unicode char U+00B8 (decimal 184)
   defining Unicode char U+00BF (decimal 191)
   defining Unicode char U+00C5 (decimal 197)
   defining Unicode char U+00C6 (decimal 198)
   defining Unicode char U+00D8 (decimal 216)
   defining Unicode char U+00DF (decimal 223)
   defining Unicode char U+00E6 (decimal 230)
   defining Unicode char U+00EC (decimal 236)
   defining Unicode char U+00ED (decimal 237)
   defining Unicode char U+00EE (decimal 238)
   defining Unicode char U+00EF (decimal 239)
   defining Unicode char U+00F8 (decimal 248)
   defining Unicode char U+0131 (decimal 305)
   defining Unicode char U+0141 (decimal 321)
   defining Unicode char U+0142 (decimal 322)
   defining Unicode char U+0152 (decimal 338)
   defining Unicode char U+0153 (decimal 339)
   defining Unicode char U+2013 (decimal 8211)
   defining Unicode char U+2014 (decimal 8212)
   defining Unicode char U+2018 (decimal 8216)
   defining Unicode char U+2019 (decimal 8217)
   defining Unicode char U+201C (decimal 8220)
   defining Unicode char U+201D (decimal 8221)
)
Now handling font encoding OMS ...
... processing UTF-8 mapping file for font encoding OMS

(/usr/local/texlive/2015/texmf-dist/tex/latex/base/omsenc.dfu
File: omsenc.dfu 2014/09/29 v1.1m UTF-8 support for inputenc
   defining Unicode char U+00A7 (decimal 167)
   defining Unicode char U+00B6 (decimal 182)
   defining Unicode char U+00B7 (decimal 183)
   defining Unicode char U+2020 (decimal 8224)
   defining Unicode char U+2021 (decimal 8225)
   defining Unicode char U+2022 (decimal 8226)
)
Now handling font encoding OMX ...
... no UTF-8 mapping file for font encoding OMX
Now handling font encoding U ...
... no UTF-8 mapping file for font encoding U
Now handling font encoding TS1 ...
... processing UTF-8 mapping file for font encoding TS1

(/usr/local/texlive/2015/texmf-dist/tex/latex/base/ts1enc.dfu
File: ts1enc.dfu 2014/09/29 v1.1m UTF-8 support for inputenc
   defining Unicode char U+00A2 (decimal 162)
   defining Unicode char U+00A3 (decimal 163)
   defining Unicode char U+00A4 (decimal 164)
   defining Unicode char U+00A5 (decimal 165)
   defining Unicode char U+00A6 (decimal 166)
   defining Unicode char U+00A7 (decimal 167)
   defining Unicode char U+00A8 (decimal 168)
   defining Unicode char U+00A9 (decimal 169)
   defining Unicode char U+00AA (decimal 170)
   defining Unicode char U+00AC (decimal 172)
   defining Unicode char U+00AE (decimal 174)
   defining Unicode char U+00AF (decimal 175)
   defining Unicode char U+00B0 (decimal 176)
   defining Unicode char U+00B1 (decimal 177)
   defining Unicode char U+00B2 (decimal 178)
   defining Unicode char U+00B3 (decimal 179)
   defining Unicode char U+00B4 (decimal 180)
   defining Unicode char U+00B5 (decimal 181)
   defining Unicode char U+00B6 (decimal 182)
   defining Unicode char U+00B7 (decimal 183)
   defining Unicode char U+00B9 (decimal 185)
   defining Unicode char U+00BA (decimal 186)
   defining Unicode char U+00BC (decimal 188)
   defining Unicode char U+00BD (decimal 189)
   defining Unicode char U+00BE (decimal 190)
   defining Unicode char U+00D7 (decimal 215)
   defining Unicode char U+00F7 (decimal 247)
   defining Unicode char U+0192 (decimal 402)
   defining Unicode char U+02C7 (decimal 711)
   defining Unicode char U+02D8 (decimal 728)
   defining Unicode char U+02DD (decimal 733)
   defining Unicode char U+0E3F (decimal 3647)
   defining Unicode char U+2016 (decimal 8214)
   defining Unicode char U+2020 (decimal 8224)
   defining Unicode char U+2021 (decimal 8225)
   defining Unicode char U+2022 (decimal 8226)
   defining Unicode char U+2030 (decimal 8240)
   defining Unicode char U+2031 (decimal 8241)
   defining Unicode char U+203B (decimal 8251)
   defining Unicode char U+203D (decimal 8253)
   defining Unicode char U+2044 (decimal 8260)
   defining Unicode char U+204E (decimal 8270)
   defining Unicode char U+2052 (decimal 8274)
   defining Unicode char U+20A1 (decimal 8353)
   defining Unicode char U+20A4 (decimal 8356)
   defining Unicode char U+20A6 (decimal 8358)
   defining Unicode char U+20A9 (decimal 8361)
   defining Unicode char U+20AB (decimal 8363)
   defining Unicode char U+20AC (decimal 8364)
   defining Unicode char U+20B1 (decimal 8369)
   defining Unicode char U+2103 (decimal 8451)
   defining Unicode char U+2116 (decimal 8470)
   defining Unicode char U+2117 (decimal 8471)
   defining Unicode char U+211E (decimal 8478)
   defining Unicode char U+2120 (decimal 8480)
   defining Unicode char U+2122 (decimal 8482)
   defining Unicode char U+2126 (decimal 8486)
   defining Unicode char U+2127 (decimal 8487)
   defining Unicode char U+212E (decimal 8494)
   defining Unicode char U+2190 (decimal 8592)
   defining Unicode char U+2191 (decimal 8593)
   defining Unicode char U+2192 (decimal 8594)
   defining Unicode char U+2193 (decimal 8595)
   defining Unicode char U+2329 (decimal 9001)
   defining Unicode char U+232A (decimal 9002)
   defining Unicode char U+2422 (decimal 9250)
   defining Unicode char U+25E6 (decimal 9702)
   defining Unicode char U+25EF (decimal 9711)
   defining Unicode char U+266A (decimal 9834)
)
   defining Unicode char U+00A9 (decimal 169)
   defining Unicode char U+00AA (decimal 170)
   defining Unicode char U+00AE (decimal 174)
   defining Unicode char U+00BA (decimal 186)
   defining Unicode char U+02C6 (decimal 710)
   defining Unicode char U+02DC (decimal 732)
   defining Unicode char U+200C (decimal 8204)
   defining Unicode char U+2026 (decimal 8230)
   defining Unicode char U+2122 (decimal 8482)
   defining Unicode char U+2423 (decimal 9251)
))
(/usr/local/texlive/2015/texmf-dist/tex/generic/babel/babel.sty
Package: babel 2014/09/25 3.9l The Babel package

(/usr/local/texlive/2015/texmf-dist/tex/generic/babel-english/english.ldf
Language: english 2012/08/20 v3.3p English support from the babel system

(/usr/local/texlive/2015/texmf-dist/tex/generic/babel/babel.def
File: babel.def 2014/09/25 3.9l Babel common definitions
\babel@savecnt=\count125
\U@D=\dimen146
)
\l@canadian = a dialect from \language\l@american 
\l@australian = a dialect from \language\l@british 
\l@newzealand = a dialect from \language\l@british 
))
(/usr/local/texlive/2015/texmf-dist/tex/latex/url/url.sty
\Urlmuskip=\muskip11
Package: url 2013/09/16  ver 3.4  Verb mode for urls, etc.
)
(/usr/local/texlive/2015/texmf-dist/tex/latex/psnfss/pifont.sty
Package: pifont 2005/04/12 PSNFSS-v9.2a Pi font support (SPQR) 
LaTeX Font Info:    Try loading font information for U+pzd on input line 63.

(/usr/local/texlive/2015/texmf-dist/tex/latex/psnfss/upzd.fd
File: upzd.fd 2001/06/04 font definitions for U/pzd.
)
LaTeX Font Info:    Try loading font information for U+psy on input line 64.

(/usr/local/texlive/2015/texmf-dist/tex/latex/psnfss/upsy.fd
File: upsy.fd 2001/06/04 font definitions for U/psy.
))
(/usr/local/texlive/2015/texmf-dist/tex/latex/algorithms/algorithm.sty
Package: algorithm 2009/08/24 v0.1 Document Style `algorithm' - floating enviro
nment

(/usr/local/texlive/2015/texmf-dist/tex/latex/float/float.sty
Package: float 2001/11/08 v1.3d Float enhancements (AL)
\c@float@type=\count126
\float@exts=\toks26
\float@box=\box31
\@float@everytoks=\toks27
\@floatcapt=\box32
)
\@float@every@algorithm=\toks28
\c@algorithm=\count127
)
(/usr/local/texlive/2015/texmf-dist/tex/latex/algorithmicx/algpseudocode.sty
Package: algpseudocode 

(/usr/local/texlive/2015/texmf-dist/tex/latex/algorithmicx/algorithmicx.sty
Package: algorithmicx 2005/04/27 v1.2 Algorithmicx

Document Style algorithmicx 1.2 - a greatly improved `algorithmic' style
\c@ALG@line=\count128
\c@ALG@rem=\count129
\c@ALG@nested=\count130
\ALG@tlm=\skip108
\ALG@thistlm=\skip109
\c@ALG@Lnr=\count131
\c@ALG@blocknr=\count132
\c@ALG@storecount=\count133
\c@ALG@tmpcounter=\count134
\ALG@tmplength=\skip110
)
Document Style - pseudocode environments for use with the `algorithmicx' style
) (/usr/local/texlive/2015/texmf-dist/tex/latex/biblatex/biblatex.sty
Package: biblatex 2015/04/19 v3.0 programmable bibliographies (PK/JW/AB)

(/usr/local/texlive/2015/texmf-dist/tex/latex/biblatex/biblatex1.sty
Package: biblatex1 2015/04/19 v3.0 programmable bibliographies (bibtex) (PK/JW/
AB)

(/usr/local/texlive/2015/texmf-dist/tex/latex/etoolbox/etoolbox.sty
Package: etoolbox 2015/05/04 v2.2 e-TeX tools for LaTeX (JAW)
\etb@tempcnta=\count135
)
(/usr/local/texlive/2015/texmf-dist/tex/latex/logreq/logreq.sty
Package: logreq 2010/08/04 v1.0 xml request logger
\lrq@indent=\count136

(/usr/local/texlive/2015/texmf-dist/tex/latex/logreq/logreq.def
File: logreq.def 2010/08/04 v1.0 logreq spec v1.0
))
\c@tabx@nest=\count137
\c@listtotal=\count138
\c@listcount=\count139
\c@liststart=\count140
\c@liststop=\count141
\c@citecount=\count142
\c@citetotal=\count143
\c@multicitecount=\count144
\c@multicitetotal=\count145
\c@instcount=\count146
\c@maxnames=\count147
\c@minnames=\count148
\c@maxitems=\count149
\c@minitems=\count150
\c@citecounter=\count151
\c@savedcitecounter=\count152
\c@uniquelist=\count153
\c@uniquename=\count154
\c@refsection=\count155
\c@refsegment=\count156
\c@maxextrayear=\count157
\c@maxextraalpha=\count158
\c@abbrvpenalty=\count159
\c@highnamepenalty=\count160
\c@lownamepenalty=\count161
\c@maxparens=\count162
\c@parenlevel=\count163
\blx@tempcnta=\count164
\blx@tempcntb=\count165
\blx@tempcntc=\count166
\blx@maxsection=\count167
\blx@maxsegment=\count168
\blx@notetype=\count169
\blx@parenlevel@text=\count170
\blx@parenlevel@foot=\count171
\labelnumberwidth=\skip111
\labelalphawidth=\skip112
\shorthandwidth=\skip113
\biblabelsep=\skip114
\bibitemsep=\skip115
\bibnamesep=\skip116
\bibinitsep=\skip117
\bibparsep=\skip118
\bibhang=\skip119
\blx@auxin=\read1
\blx@auxout=\write3
\c@mincomprange=\count172
\c@maxcomprange=\count173
\c@mincompwidth=\count174
\c@labelname=\count175
\c@savedlabelname=\count176
\c@author=\count177
\c@savedauthor=\count178
\c@shortauthor=\count179
\c@savedshortauthor=\count180
\c@editor=\count181
\c@savededitor=\count182
\c@editora=\count183
\c@savededitora=\count184
\c@editorb=\count185
\c@savededitorb=\count186
\c@editorc=\count187
\c@savededitorc=\count188
\c@shorteditor=\count189
\c@savedshorteditor=\count190
\c@bookauthor=\count191
\c@savedbookauthor=\count192
\c@translator=\count193
\c@savedtranslator=\count194
\c@annotator=\count195
\c@savedannotator=\count196
\c@commentator=\count197
\c@savedcommentator=\count198
\c@introduction=\count199
\c@savedintroduction=\count200
\c@foreword=\count201
\c@savedforeword=\count202
\c@afterword=\count203
\c@savedafterword=\count204
\c@holder=\count205
\c@savedholder=\count206
\c@namea=\count207
\c@savednamea=\count208
\c@nameb=\count209
\c@savednameb=\count210
\c@namec=\count211
\c@savednamec=\count212
\c@institution=\count213
\c@savedinstitution=\count214
\c@language=\count215
\c@savedlanguage=\count216
\c@location=\count217
\c@savedlocation=\count218
\c@organization=\count219
\c@savedorganization=\count220
\c@origlocation=\count221
\c@savedoriglocation=\count222
\c@origpublisher=\count223
\c@savedorigpublisher=\count224
\c@pageref=\count225
\c@savedpageref=\count226
\c@publisher=\count227
\c@savedpublisher=\count228
\c@lista=\count229
\c@savedlista=\count230
\c@listb=\count231
\c@savedlistb=\count232
\c@listc=\count233
\c@savedlistc=\count266
\c@listd=\count267
\c@savedlistd=\count268
\c@liste=\count269
\c@savedliste=\count270
\c@listf=\count271
\c@savedlistf=\count272
Package biblatex Info: Trying to load compatibility code...
Package biblatex Info: ... file 'blx-compat.def' found.

(/usr/local/texlive/2015/texmf-dist/tex/latex/biblatex/blx-compat.def
File: blx-compat.def 2015/04/19 v3.0 biblatex compatibility (PK/JW/AB)
)
Package biblatex Info: Trying to load generic definitions...
Package biblatex Info: ... file 'biblatex.def' found.

(/usr/local/texlive/2015/texmf-dist/tex/latex/biblatex/biblatex.def
File: biblatex.def 
\c@textcitecount=\count273
\c@textcitetotal=\count274
\c@textcitemaxnames=\count275
\c@biburlnumpenalty=\count276
\c@biburlucpenalty=\count277
\c@biburllcpenalty=\count278
\c@smartand=\count279
)
Package biblatex Info: Trying to load natbib compatibility...
Package biblatex Info: ... file 'blx-natbib.def' found.

(/usr/local/texlive/2015/texmf-dist/tex/latex/biblatex/blx-natbib.def
File: blx-natbib.def 2015/04/19 v3.0 biblatex compatibility (PK/JW/AB)
)
Package biblatex Info: Trying to load bibliography style 'alphabetic'...
Package biblatex Info: ... file 'alphabetic.bbx' found.

(/usr/local/texlive/2015/texmf-dist/tex/latex/biblatex/bbx/alphabetic.bbx
File: alphabetic.bbx 2015/04/19 v3.0 biblatex bibliography style (PK/JW/AB)
Package biblatex Info: Trying to load bibliography style 'standard'...
Package biblatex Info: ... file 'standard.bbx' found.

(/usr/local/texlive/2015/texmf-dist/tex/latex/biblatex/bbx/standard.bbx
File: standard.bbx 2015/04/19 v3.0 biblatex bibliography style (PK/JW/AB)
\c@bbx:relatedcount=\count280
\c@bbx:relatedtotal=\count281
))
Package biblatex Info: Trying to load citation style 'alphabetic'...
Package biblatex Info: ... file 'alphabetic.cbx' found.

(/usr/local/texlive/2015/texmf-dist/tex/latex/biblatex/cbx/alphabetic.cbx
File: alphabetic.cbx 2015/04/19 v3.0 biblatex citation style (PK/JW/AB)
Package biblatex Info: Redefining '\cite'.
Package biblatex Info: Redefining '\parencite'.
Package biblatex Info: Redefining '\footcite'.
Package biblatex Info: Redefining '\footcitetext'.
Package biblatex Info: Redefining '\smartcite'.
Package biblatex Info: Redefining '\textcite'.
Package biblatex Info: Redefining '\textcites'.
Package biblatex Info: Redefining '\cites'.
Package biblatex Info: Redefining '\parencites'.
Package biblatex Info: Redefining '\smartcites'.
)
Package biblatex Info: Trying to load configuration file...
Package biblatex Info: ... file 'biblatex.cfg' found.

(/usr/local/texlive/2015/texmf-dist/tex/latex/biblatex/biblatex.cfg
File: biblatex.cfg 
)))
(/usr/local/texlive/2015/texmf-dist/tex/latex/tools/dcolumn.sty
Package: dcolumn 2014/10/28 v1.06 decimal alignment package (DPC)

(/usr/local/texlive/2015/texmf-dist/tex/latex/tools/array.sty
Package: array 2014/10/28 v2.4c Tabular extension package (FMi)
\col@sep=\dimen147
\extrarowheight=\dimen148
\NC@list=\toks29
\extratabsurround=\skip120
\backup@length=\skip121
))
(/usr/local/texlive/2015/texmf-dist/tex/latex/tools/bm.sty
Package: bm 2014/10/28 v1.1c Bold Symbol Support (DPC/FMi)
\symboldoperators=\mathgroup4
\symboldletters=\mathgroup5
\symboldsymbols=\mathgroup6
LaTeX Font Info:    Redeclaring math alphabet \mathbf on input line 141.
LaTeX Info: Redefining \bm on input line 207.
)
(/usr/local/texlive/2015/texmf-dist/tex/latex/cancel/cancel.sty
Package: cancel 2013/04/12 v2.2 Cancel math terms
)
(/usr/local/texlive/2015/texmf-dist/tex/latex/tools/verbatim.sty
Package: verbatim 2014/10/28 v1.5q LaTeX2e package for verbatim enhancements
\every@verbatim=\toks30
\verbatim@line=\toks31
\verbatim@in@stream=\read2
)
(/usr/local/texlive/2015/texmf-dist/tex/latex/lastpage/lastpage.sty
Package: lastpage 2015/03/29 v1.2m Refers to last page's name (HMM; JPG)
)
(/usr/local/texlive/2015/texmf-dist/tex/latex/frankenstein/abbrevs.sty
Package: abbrevs 2001/09/08 v1.4 abbreviation macros (Frankenstein's briefs)

(/usr/local/texlive/2015/texmf-dist/tex/latex/frankenstein/moredefs.sty
Package: moredefs 2001/08/31 v1.8 more defining commands (Frankenstein's brain)

\sc@toks@a=\toks32
\sc@toks@b=\toks33
)
(/usr/local/texlive/2015/texmf-dist/tex/latex/frankenstein/slemph.sty
Package: slemph 1999/02/25 v1.2 slanted emphasis (Frankenstein's gait)
LaTeX Info: Redefining \itswitch on input line 177.
LaTeX Info: Redefining \slswitch on input line 186.
LaTeX Info: Redefining \textitswitch on input line 195.
LaTeX Info: Redefining \textslswitch on input line 196.

(/usr/local/texlive/2015/texmf-dist/tex/latex/frankenstein/slemph.cfg
File: slemph.cfg 
))
\c@tm@util=\count282

(/usr/local/texlive/2015/texmf-dist/tex/latex/frankenstein/abbrevs.cfg
File: abbrevs.cfg 

(/usr/local/texlive/2015/texmf-dist/tex/latex/relsize/relsize.sty
Package: relsize 2013/03/29 ver 4.1
)))
(/usr/local/texlive/2015/texmf-dist/tex/latex/units/units.sty
Package: units 1998/08/04 v0.9b Typesetting units

(/usr/local/texlive/2015/texmf-dist/tex/latex/units/nicefrac.sty
Package: nicefrac 1998/08/04 v0.9b Nice fractions
\L@UnitsRaiseDisplaystyle=\skip122
\L@UnitsRaiseTextstyle=\skip123
\L@UnitsRaiseScriptstyle=\skip124
))
(/usr/local/texlive/2015/texmf-dist/tex/latex/easylist/easylist.sty
Package: easylist 2014/01/11 v.1.4 Numbered items with a single command.
\el@CounterTotal=\count283
\el@Scratch=\count284
\el@ControlCounter=\count285
\el@CounterLevel=\count286
\c@List1=\count287
\c@List2=\count288
\c@List3=\count289
\c@List4=\count290
\c@List5=\count291
\c@List6=\count292
\c@List7=\count293
\c@List8=\count294
\c@List9=\count295
\c@List10=\count296
\el@ProgressiveDimension=\dimen149
\el@CounterBox=\box33
\el@ControlBox=\box34
\el@TotalMargin=\dimen150
\el@LeftMove=\dimen151
)
(/usr/local/texlive/2015/texmf-dist/tex/latex/xcolor/xcolor.sty
Package: xcolor 2007/01/21 v2.11 LaTeX color extensions (UK)

(/usr/local/texlive/2015/texmf-dist/tex/latex/latexconfig/color.cfg
File: color.cfg 2007/01/18 v1.5 color configuration of teTeX/TeXLive
)
Package xcolor Info: Driver file: pdftex.def on input line 225.

(/usr/local/texlive/2015/texmf-dist/tex/latex/colortbl/colortbl.sty
Package: colortbl 2012/02/13 v1.0a Color table columns (DPC)
\everycr=\toks34
\minrowclearance=\skip125
)
\rownum=\count297
Package xcolor Info: Model `cmy' substituted by `cmy0' on input line 1337.
Package xcolor Info: Model `hsb' substituted by `rgb' on input line 1341.
Package xcolor Info: Model `RGB' extended on input line 1353.
Package xcolor Info: Model `HTML' substituted by `rgb' on input line 1355.
Package xcolor Info: Model `Hsb' substituted by `hsb' on input line 1356.
Package xcolor Info: Model `tHsb' substituted by `hsb' on input line 1357.
Package xcolor Info: Model `HSB' substituted by `hsb' on input line 1358.
Package xcolor Info: Model `Gray' substituted by `gray' on input line 1359.
Package xcolor Info: Model `wave' substituted by `hsb' on input line 1360.
)
(/usr/local/texlive/2015/texmf-dist/tex/latex/titlesec/titlesec.sty
Package: titlesec 2011/12/15 v2.10.0 Sectioning titles
\ttl@box=\box35
\beforetitleunit=\skip126
\aftertitleunit=\skip127
\ttl@plus=\dimen152
\ttl@minus=\dimen153
\ttl@toksa=\toks35
\titlewidth=\dimen154
\titlewidthlast=\dimen155
\titlewidthfirst=\dimen156
)
(/usr/local/texlive/2015/texmf-dist/tex/latex/placeins/placeins.sty
Package: placeins 2005/04/18  v 2.2
)
\@input{optional.aux}
\openout2 = `optional.aux'.

(./optional.tex
(/usr/local/texlive/2015/texmf-dist/tex/latex/fncychap/fncychap.sty
Package: fncychap 2007/07/30 v1.34 LaTeX package (Revised chapters)
\RW=\skip128
\mylen=\skip129
\myhi=\skip130
\px=\skip131
\py=\skip132
\pyy=\skip133
\pxx=\skip134
)
(/usr/local/texlive/2015/texmf-dist/tex/latex/hyperref/hyperref.sty
Package: hyperref 2012/11/06 v6.83m Hypertext links for LaTeX

(/usr/local/texlive/2015/texmf-dist/tex/generic/oberdiek/hobsub-hyperref.sty
Package: hobsub-hyperref 2012/05/28 v1.13 Bundle oberdiek, subset hyperref (HO)


(/usr/local/texlive/2015/texmf-dist/tex/generic/oberdiek/hobsub-generic.sty
Package: hobsub-generic 2012/05/28 v1.13 Bundle oberdiek, subset generic (HO)
Package: hobsub 2012/05/28 v1.13 Construct package bundles (HO)
Package hobsub Info: Skipping package `infwarerr' (already loaded).
Package hobsub Info: Skipping package `ltxcmds' (already loaded).
Package: ifluatex 2010/03/01 v1.3 Provides the ifluatex switch (HO)
Package ifluatex Info: LuaTeX not detected.
Package hobsub Info: Skipping package `ifvtex' (already loaded).
Package: intcalc 2007/09/27 v1.1 Expandable calculations with integers (HO)
Package hobsub Info: Skipping package `ifpdf' (already loaded).
Package: etexcmds 2011/02/16 v1.5 Avoid name clashes with e-TeX commands (HO)
Package etexcmds Info: Could not find \expanded.
(etexcmds)             That can mean that you are not using pdfTeX 1.50 or
(etexcmds)             that some package has redefined \expanded.
(etexcmds)             In the latter case, load this package earlier.
Package: kvsetkeys 2012/04/25 v1.16 Key value parser (HO)
Package: kvdefinekeys 2011/04/07 v1.3 Define keys (HO)
Package: pdftexcmds 2011/11/29 v0.20 Utility functions of pdfTeX for LuaTeX (HO
)
Package pdftexcmds Info: LuaTeX not detected.
Package pdftexcmds Info: \pdf@primitive is available.
Package pdftexcmds Info: \pdf@ifprimitive is available.
Package pdftexcmds Info: \pdfdraftmode found.
Package: pdfescape 2011/11/25 v1.13 Implements pdfTeX's escape features (HO)
Package: bigintcalc 2012/04/08 v1.3 Expandable calculations on big integers (HO
)
Package: bitset 2011/01/30 v1.1 Handle bit-vector datatype (HO)
Package: uniquecounter 2011/01/30 v1.2 Provide unlimited unique counter (HO)
)
Package hobsub Info: Skipping package `hobsub' (already loaded).
Package: letltxmacro 2010/09/02 v1.4 Let assignment for LaTeX macros (HO)
Package: hopatch 2012/05/28 v1.2 Wrapper for package hooks (HO)
Package: xcolor-patch 2011/01/30 xcolor patch
Package: atveryend 2011/06/30 v1.8 Hooks at the very end of document (HO)
Package atveryend Info: \AP@enddocument detected (standard20110627).
Package: atbegshi 2011/10/05 v1.16 At begin shipout hook (HO)
Package: refcount 2011/10/16 v3.4 Data extraction from label references (HO)
Package: hycolor 2011/01/30 v1.7 Color options for hyperref/bookmark (HO)
)
(/usr/local/texlive/2015/texmf-dist/tex/latex/oberdiek/auxhook.sty
Package: auxhook 2011/03/04 v1.3 Hooks for auxiliary files (HO)
)
(/usr/local/texlive/2015/texmf-dist/tex/latex/oberdiek/kvoptions.sty
Package: kvoptions 2011/06/30 v3.11 Key value format for package options (HO)
)
\@linkdim=\dimen157
\Hy@linkcounter=\count298
\Hy@pagecounter=\count299

(/usr/local/texlive/2015/texmf-dist/tex/latex/hyperref/pd1enc.def
File: pd1enc.def 2012/11/06 v6.83m Hyperref: PDFDocEncoding definition (HO)
Now handling font encoding PD1 ...
... no UTF-8 mapping file for font encoding PD1
)
\Hy@SavedSpaceFactor=\count300

(/usr/local/texlive/2015/texmf-dist/tex/latex/latexconfig/hyperref.cfg
File: hyperref.cfg 2002/06/06 v1.2 hyperref configuration of TeXLive
)
Package hyperref Info: Option `colorlinks' set `true' on input line 4319.
Package hyperref Info: Hyper figures OFF on input line 4443.
Package hyperref Info: Link nesting OFF on input line 4448.
Package hyperref Info: Hyper index ON on input line 4451.
Package hyperref Info: Plain pages OFF on input line 4458.
Package hyperref Info: Backreferencing OFF on input line 4463.
Package hyperref Info: Implicit mode ON; LaTeX internals redefined.
Package hyperref Info: Bookmarks ON on input line 4688.
\c@Hy@tempcnt=\count301
LaTeX Info: Redefining \url on input line 5041.
\XeTeXLinkMargin=\dimen158
\Fld@menulength=\count302
\Field@Width=\dimen159
\Fld@charsize=\dimen160
Package hyperref Info: Hyper figures OFF on input line 6295.
Package hyperref Info: Link nesting OFF on input line 6300.
Package hyperref Info: Hyper index ON on input line 6303.
Package hyperref Info: backreferencing OFF on input line 6310.
Package hyperref Info: Link coloring ON on input line 6313.
Package hyperref Info: Link coloring with OCG OFF on input line 6320.
Package hyperref Info: PDF/A mode OFF on input line 6325.
LaTeX Info: Redefining \ref on input line 6365.
LaTeX Info: Redefining \pageref on input line 6369.
\Hy@abspage=\count303
\c@Item=\count304
\c@Hfootnote=\count305
)

Package hyperref Message: Driver (autodetected): hpdftex.

(/usr/local/texlive/2015/texmf-dist/tex/latex/hyperref/hpdftex.def
File: hpdftex.def 2012/11/06 v6.83m Hyperref driver for pdfTeX
\Fld@listcount=\count306
\c@bookmark@seq@number=\count307

(/usr/local/texlive/2015/texmf-dist/tex/latex/oberdiek/rerunfilecheck.sty
Package: rerunfilecheck 2011/04/15 v1.7 Rerun checks for auxiliary files (HO)
Package uniquecounter Info: New unique counter `rerunfilecheck' on input line 2
82.
)
\Hy@SectionHShift=\skip135
)
(/usr/local/texlive/2015/texmf-dist/tex/latex/microtype/microtype.sty
Package: microtype 2013/05/23 v2.5a Micro-typographical refinements (RS)
\MT@toks=\toks36
\MT@count=\count308
LaTeX Info: Redefining \textls on input line 766.
\MT@outer@kern=\dimen161
LaTeX Info: Redefining \textmicrotypecontext on input line 1285.
\MT@listname@count=\count309

(/usr/local/texlive/2015/texmf-dist/tex/latex/microtype/microtype-pdftex.def
File: microtype-pdftex.def 2013/05/23 v2.5a Definitions specific to pdftex (RS)

LaTeX Info: Redefining \lsstyle on input line 915.
LaTeX Info: Redefining \lslig on input line 915.
\MT@outer@space=\skip136
)
Package microtype Info: Loading configuration file microtype.cfg.

(/usr/local/texlive/2015/texmf-dist/tex/latex/microtype/microtype.cfg
File: microtype.cfg 2013/05/23 v2.5a microtype main configuration file (RS)
))
(/usr/local/texlive/2015/texmf-dist/tex/latex/base/fontenc.sty
Package: fontenc 2005/09/27 v1.99g Standard LaTeX package

(/usr/local/texlive/2015/texmf-dist/tex/latex/base/t1enc.def
File: t1enc.def 2005/09/27 v1.99g Standard LaTeX file
LaTeX Font Info:    Redeclaring font encoding T1 on input line 48.
))
(/usr/local/texlive/2015/texmf-dist/tex/latex/mathdesign/mathdesign.sty
Package: mathdesign 2013/08/29 v2.31 Math Design Project

(/usr/local/texlive/2015/texmf-dist/tex/latex/mathdesign/mdput/mdput.cfg)
(/usr/local/texlive/2015/texmf-dist/tex/latex/mathdesign/mdput/mdput.sty
Package: mdput 2013/08/29 v2.31 adobe utopia + mdput (Math Design Project)

(/usr/local/texlive/2015/texmf-dist/tex/latex/mathdesign/mdfont.def
File: mdfont.def 2013/08/29 v2.31 (Math Design Project)
)
(/usr/local/texlive/2015/texmf-dist/tex/latex/mathdesign/mdsffont.def
File: mdsffont.def 2013/08/29 v2.31 (Math Design Project)
)
(/usr/local/texlive/2015/texmf-dist/tex/latex/mathdesign/mdttfont.def
File: mdttfont.def 2013/08/29 v2.31 (Math Design Project)
)
\symmdcal=\mathgroup7
LaTeX Font Info:    Overwriting symbol font `mdcal' in version `bold'
(Font)                  OMS/mdput/m/n --> OMS/mdput/b/n on input line 97.
\symmdscr=\mathgroup8
LaTeX Font Info:    Overwriting symbol font `mdscr' in version `bold'
(Font)                  OMS/mdput/m/n --> OMS/mdput/b/n on input line 103.
LaTeX Font Info:    Overwriting math alphabet `\mathfrak' in version `bold'
(Font)                  U/xmdeuf/m/n --> U/xmdeuf/b/n on input line 110.
LaTeX Font Info:    Overwriting symbol font `operators' in version `normal'
(Font)                  OT1/cmr/m/n --> OT1/mdput/m/n on input line 121.
LaTeX Font Info:    Overwriting symbol font `letters' in version `normal'
(Font)                  OML/cmm/m/it --> OML/mdput/m/it on input line 122.
LaTeX Font Info:    Overwriting symbol font `symbols' in version `normal'
(Font)                  OMS/cmsy/m/n --> OMS/mdput/m/n on input line 123.
LaTeX Font Info:    Overwriting symbol font `largesymbols' in version `normal'
(Font)                  OMX/cmex/m/n --> OMX/mdput/m/n on input line 124.
LaTeX Font Info:    Overwriting symbol font `operators' in version `bold'
(Font)                  OT1/cmr/bx/n --> OT1/mdput/b/n on input line 126.
LaTeX Font Info:    Overwriting symbol font `letters' in version `bold'
(Font)                  OML/cmm/b/it --> OML/mdput/b/it on input line 127.
LaTeX Font Info:    Overwriting symbol font `symbols' in version `bold'
(Font)                  OMS/cmsy/b/n --> OMS/mdput/b/n on input line 128.
LaTeX Font Info:    Overwriting symbol font `largesymbols' in version `bold'
(Font)                  OMX/cmex/m/n --> OMX/mdput/b/n on input line 129.
LaTeX Font Info:    Overwriting math alphabet `\mathrm' in version `normal'
(Font)                  OT1/mdput/m/n --> T1/mdput/m/n on input line 131.
LaTeX Font Info:    Overwriting math alphabet `\mathbf' in version `normal'
(Font)                  OT1/cmr/bx/n --> T1/mdput/b/n on input line 132.
LaTeX Font Info:    Overwriting math alphabet `\mathit' in version `normal'
(Font)                  OT1/cmr/m/it --> T1/mdput/m/it on input line 133.
LaTeX Font Info:    Overwriting math alphabet `\mathsf' in version `normal'
(Font)                  OT1/cmss/m/n --> T1/cmss/m/n on input line 134.
LaTeX Font Info:    Overwriting math alphabet `\mathtt' in version `normal'
(Font)                  OT1/cmtt/m/n --> T1/cmtt/m/n on input line 135.
LaTeX Font Info:    Overwriting math alphabet `\mathrm' in version `bold'
(Font)                  OT1/mdput/b/n --> T1/mdput/b/n on input line 137.
LaTeX Font Info:    Overwriting math alphabet `\mathbf' in version `bold'
(Font)                  OT1/cmr/bx/n --> T1/mdput/b/n on input line 138.
LaTeX Font Info:    Overwriting math alphabet `\mathit' in version `bold'
(Font)                  OT1/cmr/bx/it --> T1/mdput/b/it on input line 139.
LaTeX Font Info:    Overwriting math alphabet `\mathsf' in version `bold'
(Font)                  OT1/cmss/bx/n --> T1/cmss/b/n on input line 140.
LaTeX Font Info:    Overwriting math alphabet `\mathtt' in version `bold'
(Font)                  OT1/cmtt/m/n --> T1/cmtt/b/n on input line 141.
\symlettersupright=\mathgroup9
LaTeX Font Info:    Overwriting symbol font `lettersupright' in version `bold'
(Font)                  OML/mdput/m/n --> OML/mdput/b/n on input line 144.
LaTeX Font Info:    Redeclaring math alphabet \mathrm on input line 145.
LaTeX Font Info:    Overwriting math alphabet `\mathcal' in version `normal'
(Font)                  OMS/mdput/m/n --> OMS/mdput/m/n on input line 167.

(/usr/local/texlive/2015/texmf-dist/tex/latex/xkeyval/xkeyval.sty
Package: xkeyval 2014/12/03 v2.7a package option processing (HA)

(/usr/local/texlive/2015/texmf-dist/tex/generic/xkeyval/xkeyval.tex
(/usr/local/texlive/2015/texmf-dist/tex/generic/xkeyval/xkvutils.tex
\XKV@toks=\toks37
\XKV@tempa@toks=\toks38
)
\XKV@depth=\count310
File: xkeyval.tex 2014/12/03 v2.7a key=value parser (HA)
))
LaTeX Font Info:    Try loading font information for T1+mdput on input line 186
.

(/usr/local/texlive/2015/texmf-dist/tex/latex/mathdesign/mdput/t1mdput.fd
File: t1mdput.fd 2013/08/29 Fontinst v1.933 font definitions for T1/mdput.
)
LaTeX Font Info:    Font shape `T1/mdput/m/n' will be
(Font)              scaled to size 10.29301pt on input line 186.
LaTeX Font Info:    Redeclaring math accent \widetilde on input line 449.
LaTeX Font Info:    Redeclaring math accent \widehat on input line 450.
Now handling font encoding MDA ...
... no UTF-8 mapping file for font encoding MDA
\symmathdesignA=\mathgroup10
LaTeX Font Info:    Overwriting symbol font `mathdesignA' in version `bold'
(Font)                  MDA/mdput/m/n --> MDA/mdput/b/n on input line 491.
Now handling font encoding MDB ...
... no UTF-8 mapping file for font encoding MDB
\symmathdesignB=\mathgroup11
LaTeX Font Info:    Overwriting symbol font `mathdesignB' in version `bold'
(Font)                  MDB/mdput/m/n --> MDB/mdput/b/n on input line 498.
LaTeX Font Info:    Redeclaring math accent \widetilde on input line 532.
LaTeX Font Info:    Redeclaring math accent \widehat on input line 533.
\rulethickness=\skip137
)
(/usr/local/texlive/2015/texmf-dist/tex/latex/base/fontenc.sty
Package: fontenc 2005/09/27 v1.99g Standard LaTeX package

(/usr/local/texlive/2015/texmf-dist/tex/latex/base/t1enc.def
File: t1enc.def 2005/09/27 v1.99g Standard LaTeX file
LaTeX Font Info:    Redeclaring font encoding T1 on input line 48.
))))
\chaptercapitalheight=\skip138
\chapterfootskip=\skip139
\graphht=\skip140

(/usr/local/texlive/2015/texmf-dist/tex/latex/pgf/frontendlayer/tikz.sty
(/usr/local/texlive/2015/texmf-dist/tex/latex/pgf/basiclayer/pgf.sty
(/usr/local/texlive/2015/texmf-dist/tex/latex/pgf/utilities/pgfrcs.sty
(/usr/local/texlive/2015/texmf-dist/tex/generic/pgf/utilities/pgfutil-common.te
x
\pgfutil@everybye=\toks39
\pgfutil@tempdima=\dimen162
\pgfutil@tempdimb=\dimen163

(/usr/local/texlive/2015/texmf-dist/tex/generic/pgf/utilities/pgfutil-common-li
sts.tex))
(/usr/local/texlive/2015/texmf-dist/tex/generic/pgf/utilities/pgfutil-latex.def
\pgfutil@abb=\box36
(/usr/local/texlive/2015/texmf-dist/tex/latex/ms/everyshi.sty
Package: everyshi 2001/05/15 v3.00 EveryShipout Package (MS)
))
(/usr/local/texlive/2015/texmf-dist/tex/generic/pgf/utilities/pgfrcs.code.tex
Package: pgfrcs 2013/12/20 v3.0.0 (rcs-revision 1.28)
))
Package: pgf 2013/12/18 v3.0.0 (rcs-revision 1.14)
(/usr/local/texlive/2015/texmf-dist/tex/latex/pgf/basiclayer/pgfcore.sty
(/usr/local/texlive/2015/texmf-dist/tex/latex/pgf/systemlayer/pgfsys.sty
(/usr/local/texlive/2015/texmf-dist/tex/generic/pgf/systemlayer/pgfsys.code.tex
Package: pgfsys 2013/11/30 v3.0.0 (rcs-revision 1.47)
(/usr/local/texlive/2015/texmf-dist/tex/generic/pgf/utilities/pgfkeys.code.tex
\pgfkeys@pathtoks=\toks40
\pgfkeys@temptoks=\toks41

(/usr/local/texlive/2015/texmf-dist/tex/generic/pgf/utilities/pgfkeysfiltered.c
ode.tex
\pgfkeys@tmptoks=\toks42
))
\pgf@x=\dimen164
\pgf@y=\dimen165
\pgf@xa=\dimen166
\pgf@ya=\dimen167
\pgf@xb=\dimen168
\pgf@yb=\dimen169
\pgf@xc=\dimen170
\pgf@yc=\dimen171
\w@pgf@writea=\write4
\r@pgf@reada=\read3
\c@pgf@counta=\count311
\c@pgf@countb=\count312
\c@pgf@countc=\count313
\c@pgf@countd=\count314
\t@pgf@toka=\toks43
\t@pgf@tokb=\toks44
\t@pgf@tokc=\toks45

(/usr/local/texlive/2015/texmf-dist/tex/generic/pgf/systemlayer/pgf.cfg
File: pgf.cfg 2008/05/14  (rcs-revision 1.7)
)
Driver file for pgf: pgfsys-pdftex.def

(/usr/local/texlive/2015/texmf-dist/tex/generic/pgf/systemlayer/pgfsys-pdftex.d
ef
File: pgfsys-pdftex.def 2013/07/18  (rcs-revision 1.33)

(/usr/local/texlive/2015/texmf-dist/tex/generic/pgf/systemlayer/pgfsys-common-p
df.def
File: pgfsys-common-pdf.def 2013/10/10  (rcs-revision 1.13)
)))
(/usr/local/texlive/2015/texmf-dist/tex/generic/pgf/systemlayer/pgfsyssoftpath.
code.tex
File: pgfsyssoftpath.code.tex 2013/09/09  (rcs-revision 1.9)
\pgfsyssoftpath@smallbuffer@items=\count315
\pgfsyssoftpath@bigbuffer@items=\count316
)
(/usr/local/texlive/2015/texmf-dist/tex/generic/pgf/systemlayer/pgfsysprotocol.
code.tex
File: pgfsysprotocol.code.tex 2006/10/16  (rcs-revision 1.4)
))
(/usr/local/texlive/2015/texmf-dist/tex/generic/pgf/basiclayer/pgfcore.code.tex
Package: pgfcore 2010/04/11 v3.0.0 (rcs-revision 1.7)
(/usr/local/texlive/2015/texmf-dist/tex/generic/pgf/math/pgfmath.code.tex
(/usr/local/texlive/2015/texmf-dist/tex/generic/pgf/math/pgfmathcalc.code.tex
(/usr/local/texlive/2015/texmf-dist/tex/generic/pgf/math/pgfmathutil.code.tex)
(/usr/local/texlive/2015/texmf-dist/tex/generic/pgf/math/pgfmathparser.code.tex
\pgfmath@dimen=\dimen172
\pgfmath@count=\count317
\pgfmath@box=\box37
\pgfmath@toks=\toks46
\pgfmath@stack@operand=\toks47
\pgfmath@stack@operation=\toks48
)
(/usr/local/texlive/2015/texmf-dist/tex/generic/pgf/math/pgfmathfunctions.code.
tex
(/usr/local/texlive/2015/texmf-dist/tex/generic/pgf/math/pgfmathfunctions.basic
.code.tex)
(/usr/local/texlive/2015/texmf-dist/tex/generic/pgf/math/pgfmathfunctions.trigo
nometric.code.tex)
(/usr/local/texlive/2015/texmf-dist/tex/generic/pgf/math/pgfmathfunctions.rando
m.code.tex)
(/usr/local/texlive/2015/texmf-dist/tex/generic/pgf/math/pgfmathfunctions.compa
rison.code.tex)
(/usr/local/texlive/2015/texmf-dist/tex/generic/pgf/math/pgfmathfunctions.base.
code.tex)
(/usr/local/texlive/2015/texmf-dist/tex/generic/pgf/math/pgfmathfunctions.round
.code.tex)
(/usr/local/texlive/2015/texmf-dist/tex/generic/pgf/math/pgfmathfunctions.misc.
code.tex)
(/usr/local/texlive/2015/texmf-dist/tex/generic/pgf/math/pgfmathfunctions.integ
erarithmetics.code.tex)))
(/usr/local/texlive/2015/texmf-dist/tex/generic/pgf/math/pgfmathfloat.code.tex
\c@pgfmathroundto@lastzeros=\count318
))
(/usr/local/texlive/2015/texmf-dist/tex/generic/pgf/basiclayer/pgfcorepoints.co
de.tex
File: pgfcorepoints.code.tex 2013/10/07  (rcs-revision 1.27)
\pgf@picminx=\dimen173
\pgf@picmaxx=\dimen174
\pgf@picminy=\dimen175
\pgf@picmaxy=\dimen176
\pgf@pathminx=\dimen177
\pgf@pathmaxx=\dimen178
\pgf@pathminy=\dimen179
\pgf@pathmaxy=\dimen180
\pgf@xx=\dimen181
\pgf@xy=\dimen182
\pgf@yx=\dimen183
\pgf@yy=\dimen184
\pgf@zx=\dimen185
\pgf@zy=\dimen186
)
(/usr/local/texlive/2015/texmf-dist/tex/generic/pgf/basiclayer/pgfcorepathconst
ruct.code.tex
File: pgfcorepathconstruct.code.tex 2013/10/07  (rcs-revision 1.29)
\pgf@path@lastx=\dimen187
\pgf@path@lasty=\dimen188
)
(/usr/local/texlive/2015/texmf-dist/tex/generic/pgf/basiclayer/pgfcorepathusage
.code.tex
File: pgfcorepathusage.code.tex 2013/12/13  (rcs-revision 1.23)
\pgf@shorten@end@additional=\dimen189
\pgf@shorten@start@additional=\dimen190
)
(/usr/local/texlive/2015/texmf-dist/tex/generic/pgf/basiclayer/pgfcorescopes.co
de.tex
File: pgfcorescopes.code.tex 2013/10/09  (rcs-revision 1.44)
\pgfpic=\box38
\pgf@hbox=\box39
\pgf@layerbox@main=\box40
\pgf@picture@serial@count=\count319
)
(/usr/local/texlive/2015/texmf-dist/tex/generic/pgf/basiclayer/pgfcoregraphicst
ate.code.tex
File: pgfcoregraphicstate.code.tex 2013/09/19  (rcs-revision 1.11)
\pgflinewidth=\dimen191
)
(/usr/local/texlive/2015/texmf-dist/tex/generic/pgf/basiclayer/pgfcoretransform
ations.code.tex
File: pgfcoretransformations.code.tex 2013/10/10  (rcs-revision 1.17)
\pgf@pt@x=\dimen192
\pgf@pt@y=\dimen193
\pgf@pt@temp=\dimen194
)
(/usr/local/texlive/2015/texmf-dist/tex/generic/pgf/basiclayer/pgfcorequick.cod
e.tex
File: pgfcorequick.code.tex 2008/10/09  (rcs-revision 1.3)
)
(/usr/local/texlive/2015/texmf-dist/tex/generic/pgf/basiclayer/pgfcoreobjects.c
ode.tex
File: pgfcoreobjects.code.tex 2006/10/11  (rcs-revision 1.2)
)
(/usr/local/texlive/2015/texmf-dist/tex/generic/pgf/basiclayer/pgfcorepathproce
ssing.code.tex
File: pgfcorepathprocessing.code.tex 2013/09/09  (rcs-revision 1.9)
)
(/usr/local/texlive/2015/texmf-dist/tex/generic/pgf/basiclayer/pgfcorearrows.co
de.tex
File: pgfcorearrows.code.tex 2013/11/07  (rcs-revision 1.40)
\pgfarrowsep=\dimen195
)
(/usr/local/texlive/2015/texmf-dist/tex/generic/pgf/basiclayer/pgfcoreshade.cod
e.tex
File: pgfcoreshade.code.tex 2013/07/15  (rcs-revision 1.15)
\pgf@max=\dimen196
\pgf@sys@shading@range@num=\count320
)
(/usr/local/texlive/2015/texmf-dist/tex/generic/pgf/basiclayer/pgfcoreimage.cod
e.tex
File: pgfcoreimage.code.tex 2013/07/15  (rcs-revision 1.18)

(/usr/local/texlive/2015/texmf-dist/tex/generic/pgf/basiclayer/pgfcoreexternal.
code.tex
File: pgfcoreexternal.code.tex 2013/07/15  (rcs-revision 1.20)
\pgfexternal@startupbox=\box41
))
(/usr/local/texlive/2015/texmf-dist/tex/generic/pgf/basiclayer/pgfcorelayers.co
de.tex
File: pgfcorelayers.code.tex 2013/07/18  (rcs-revision 1.7)
)
(/usr/local/texlive/2015/texmf-dist/tex/generic/pgf/basiclayer/pgfcoretranspare
ncy.code.tex
File: pgfcoretransparency.code.tex 2013/09/30  (rcs-revision 1.5)
)
(/usr/local/texlive/2015/texmf-dist/tex/generic/pgf/basiclayer/pgfcorepatterns.
code.tex
File: pgfcorepatterns.code.tex 2013/11/07  (rcs-revision 1.5)
)))
(/usr/local/texlive/2015/texmf-dist/tex/generic/pgf/modules/pgfmoduleshapes.cod
e.tex
File: pgfmoduleshapes.code.tex 2013/10/31  (rcs-revision 1.34)
\pgfnodeparttextbox=\box42
)
(/usr/local/texlive/2015/texmf-dist/tex/generic/pgf/modules/pgfmoduleplot.code.
tex
File: pgfmoduleplot.code.tex 2013/07/31  (rcs-revision 1.12)
)
(/usr/local/texlive/2015/texmf-dist/tex/latex/pgf/compatibility/pgfcomp-version
-0-65.sty
Package: pgfcomp-version-0-65 2007/07/03 v3.0.0 (rcs-revision 1.7)
\pgf@nodesepstart=\dimen197
\pgf@nodesepend=\dimen198
)
(/usr/local/texlive/2015/texmf-dist/tex/latex/pgf/compatibility/pgfcomp-version
-1-18.sty
Package: pgfcomp-version-1-18 2007/07/23 v3.0.0 (rcs-revision 1.1)
))
(/usr/local/texlive/2015/texmf-dist/tex/latex/pgf/utilities/pgffor.sty
(/usr/local/texlive/2015/texmf-dist/tex/latex/pgf/utilities/pgfkeys.sty
(/usr/local/texlive/2015/texmf-dist/tex/generic/pgf/utilities/pgfkeys.code.tex)
) (/usr/local/texlive/2015/texmf-dist/tex/latex/pgf/math/pgfmath.sty
(/usr/local/texlive/2015/texmf-dist/tex/generic/pgf/math/pgfmath.code.tex))
(/usr/local/texlive/2015/texmf-dist/tex/generic/pgf/utilities/pgffor.code.tex
Package: pgffor 2013/12/13 v3.0.0 (rcs-revision 1.25)

(/usr/local/texlive/2015/texmf-dist/tex/generic/pgf/math/pgfmath.code.tex)
\pgffor@iter=\dimen199
\pgffor@skip=\dimen200
\pgffor@stack=\toks49
\pgffor@toks=\toks50
))
(/usr/local/texlive/2015/texmf-dist/tex/generic/pgf/frontendlayer/tikz/tikz.cod
e.tex
Package: tikz 2013/12/13 v3.0.0 (rcs-revision 1.142)

(/usr/local/texlive/2015/texmf-dist/tex/generic/pgf/libraries/pgflibraryplothan
dlers.code.tex
File: pgflibraryplothandlers.code.tex 2013/08/31 v3.0.0 (rcs-revision 1.20)
\pgf@plot@mark@count=\count321
\pgfplotmarksize=\dimen201
)
\tikz@lastx=\dimen202
\tikz@lasty=\dimen203
\tikz@lastxsaved=\dimen204
\tikz@lastysaved=\dimen205
\tikzleveldistance=\dimen206
\tikzsiblingdistance=\dimen207
\tikz@figbox=\box43
\tikz@figbox@bg=\box44
\tikz@tempbox=\box45
\tikz@tempbox@bg=\box46
\tikztreelevel=\count322
\tikznumberofchildren=\count323
\tikznumberofcurrentchild=\count324
\tikz@fig@count=\count325

(/usr/local/texlive/2015/texmf-dist/tex/generic/pgf/modules/pgfmodulematrix.cod
e.tex
File: pgfmodulematrix.code.tex 2013/09/17  (rcs-revision 1.8)
\pgfmatrixcurrentrow=\count326
\pgfmatrixcurrentcolumn=\count327
\pgf@matrix@numberofcolumns=\count328
)
\tikz@expandcount=\count329

(/usr/local/texlive/2015/texmf-dist/tex/generic/pgf/frontendlayer/tikz/librarie
s/tikzlibrarytopaths.code.tex
File: tikzlibrarytopaths.code.tex 2008/06/17 v3.0.0 (rcs-revision 1.2)
)))
Package biblatex Info: Trying to load language 'english'...
Package biblatex Info: ... file 'english.lbx' found.

(/usr/local/texlive/2015/texmf-dist/tex/latex/biblatex/lbx/english.lbx
File: english.lbx 2015/04/19 v3.0 biblatex localization (PK/JW/AB)
)

Package biblatex Warning: 'babel/polyglossia' detected but 'csquotes' missing.
(biblatex)                Loading 'csquotes' recommended.

\@quotelevel=\count330
\@quotereset=\count331
(./YourName-thesis.aux (./front.aux) (./Chapter-1/Chapter-1.aux)
(./Chapter-2/Chapter-2.aux) (./Chapter-3/Chapter-3.aux)
(./Chapter-4/Chapter-4.aux) (./Chapter-5/Chapter-5.aux)
(./Chapter-6/Chapter-6.aux) (./Chapter-7/Chapter-7.aux))
\openout1 = `YourName-thesis.aux'.

LaTeX Font Info:    Checking defaults for OML/cmm/m/it on input line 366.
LaTeX Font Info:    ... okay on input line 366.
LaTeX Font Info:    Checking defaults for T1/cmr/m/n on input line 366.
LaTeX Font Info:    ... okay on input line 366.
LaTeX Font Info:    Checking defaults for OT1/cmr/m/n on input line 366.
LaTeX Font Info:    ... okay on input line 366.
LaTeX Font Info:    Checking defaults for OMS/cmsy/m/n on input line 366.
LaTeX Font Info:    ... okay on input line 366.
LaTeX Font Info:    Checking defaults for OMX/cmex/m/n on input line 366.
LaTeX Font Info:    ... okay on input line 366.
LaTeX Font Info:    Checking defaults for U/cmr/m/n on input line 366.
LaTeX Font Info:    ... okay on input line 366.
LaTeX Font Info:    Checking defaults for TS1/cmr/m/n on input line 366.
LaTeX Font Info:    Try loading font information for TS1+cmr on input line 366.


(/usr/local/texlive/2015/texmf-dist/tex/latex/base/ts1cmr.fd
File: ts1cmr.fd 2014/09/29 v2.5h Standard LaTeX font definitions
)
LaTeX Font Info:    ... okay on input line 366.
LaTeX Font Info:    Checking defaults for PD1/pdf/m/n on input line 366.
LaTeX Font Info:    ... okay on input line 366.
LaTeX Font Info:    Checking defaults for MDA/cmr/m/n on input line 366.
LaTeX Font Info:    Try loading font information for MDA+cmr on input line 366.


(/usr/local/texlive/2015/texmf-dist/tex/latex/mathdesign/mdacmr.fd
File: mdacmr.fd 
)
LaTeX Font Info:    ... okay on input line 366.
LaTeX Font Info:    Checking defaults for MDB/cmr/m/n on input line 366.
LaTeX Font Info:    Try loading font information for MDB+cmr on input line 366.


(/usr/local/texlive/2015/texmf-dist/tex/latex/mathdesign/mdbcmr.fd
File: mdbcmr.fd 
)
LaTeX Font Info:    ... okay on input line 366.

(/usr/local/texlive/2015/texmf-dist/tex/context/base/supp-pdf.mkii
[Loading MPS to PDF converter (version 2006.09.02).]
\scratchcounter=\count332
\scratchdimen=\dimen208
\scratchbox=\box47
\nofMPsegments=\count333
\nofMParguments=\count334
\everyMPshowfont=\toks51
\MPscratchCnt=\count335
\MPscratchDim=\dimen209
\MPnumerator=\count336
\makeMPintoPDFobject=\count337
\everyMPtoPDFconversion=\toks52
) (/usr/local/texlive/2015/texmf-dist/tex/latex/oberdiek/epstopdf-base.sty
Package: epstopdf-base 2010/02/09 v2.5 Base part for package epstopdf

(/usr/local/texlive/2015/texmf-dist/tex/latex/oberdiek/grfext.sty
Package: grfext 2010/08/19 v1.1 Manage graphics extensions (HO)
)
Package grfext Info: Graphics extension search list:
(grfext)             [.png,.pdf,.jpg,.mps,.jpeg,.jbig2,.jb2,.PNG,.PDF,.JPG,.JPE
G,.JBIG2,.JB2,.eps]
(grfext)             \AppendGraphicsExtensions on input line 452.

(/usr/local/texlive/2015/texmf-dist/tex/latex/latexconfig/epstopdf-sys.cfg
File: epstopdf-sys.cfg 2010/07/13 v1.3 Configuration of (r)epstopdf for TeX Liv
e
))
*geometry* driver: auto-detecting
*geometry* detected driver: pdftex
*geometry* verbose mode - [ preamble ] result:
* driver: pdftex
* paper: <default>
* layout: <same size as paper>
* layoutoffset:(h,v)=(0.0pt,0.0pt)
* modes: includefoot 
* h-part:(L,W,R)=(90.3375pt, 451.68752pt, 72.26999pt)
* v-part:(T,H,B)=(72.26999pt, 650.43001pt, 72.26999pt)
* \paperwidth=614.295pt
* \paperheight=794.96999pt
* \textwidth=451.68752pt
* \textheight=607.59671pt
* \oddsidemargin=18.0675pt
* \evensidemargin=18.0675pt
* \topmargin=-31.8738pt
* \headheight=14.0pt
* \headsep=19.8738pt
* \topskip=11.0pt
* \footskip=42.8333pt
* \marginparwidth=62.0pt
* \marginparsep=7.0pt
* \columnsep=10.0pt
* \skip\footins=10.0pt plus 4.0pt minus 2.0pt
* \hoffset=0.0pt
* \voffset=0.0pt
* \mag=1000
* \@twocolumnfalse
* \@twosidefalse
* \@mparswitchfalse
* \@reversemarginfalse
* (1in=72.27pt=25.4mm, 1cm=28.453pt)

Package caption Info: Begin \AtBeginDocument code.
Package caption Info: subfig package v1.3 is loaded.
Package caption Info: float package is loaded.
Package caption Info: hyperref package is loaded.
Package caption Info: End \AtBeginDocument code.
Package caption Info: We need package `ragged2e' on input line 366.
(/usr/local/texlive/2015/texmf-dist/tex/latex/ms/ragged2e.sty
Package: ragged2e 2009/05/21 v2.1 ragged2e Package (MS)

(/usr/local/texlive/2015/texmf-dist/tex/latex/ms/everysel.sty
Package: everysel 2011/10/28 v1.2 EverySelectfont Package (MS)

ABD: EverySelectfont initializing macros
LaTeX Info: Redefining \selectfont on input line 126.
)
\CenteringLeftskip=\skip141
\RaggedLeftLeftskip=\skip142
\RaggedRightLeftskip=\skip143
\CenteringRightskip=\skip144
\RaggedLeftRightskip=\skip145
\RaggedRightRightskip=\skip146
\CenteringParfillskip=\skip147
\RaggedLeftParfillskip=\skip148
\RaggedRightParfillskip=\skip149
\JustifyingParfillskip=\skip150
\CenteringParindent=\skip151
\RaggedLeftParindent=\skip152
\RaggedRightParindent=\skip153
\JustifyingParindent=\skip154
)
\c@ncsu@appendixtocdepth=\count338
Package biblatex Info: Input encoding 'utf8' detected.
Package biblatex Info: Automatic encoding selection.
(biblatex)             Assuming data encoding 'utf8'.


Package biblatex Warning: Data encoding is 'utf8'.
(biblatex)                Use backend=biber.

\openout3 = `YourName-thesis-blx.bib'.

Package biblatex Info: Trying to load bibliographic data...
Package biblatex Info: ... file 'YourName-thesis.bbl' found.
(./YourName-thesis.bbl

Package biblatex Warning: BibTeX reported the following issues
(biblatex)                with 'kmeans++':
(biblatex)                - Can't use 'location' + 'address'.


Package biblatex Warning: BibTeX reported the following issues
(biblatex)                with 'load_reuse_proceeding':
(biblatex)                - Can't use 'location' + 'address'.


Package biblatex Warning: BibTeX reported the following issues
(biblatex)                with 'non_uniform_hist_1':
(biblatex)                - Can't use 'location' + 'address'.


Package biblatex Warning: BibTeX reported the following issues
(biblatex)                with 'value_reuse_extended':
(biblatex)                - Invalid format of field 'month'.


Package biblatex Warning: BibTeX reported the following issues
(biblatex)                with 'locality_block_reuse':
(biblatex)                - Invalid format of field 'month'.


Package biblatex Warning: BibTeX reported the following issues
(biblatex)                with 'Pelleg:1999:AEK:312129.312248':
(biblatex)                - Can't use 'location' + 'address'.


Package biblatex Warning: BibTeX reported the following issues
(biblatex)                with '4270197':
(biblatex)                - Invalid format of field 'month'.


Package biblatex Warning: BibTeX reported the following issues
(biblatex)                with 'non_uniform_hist_2':
(biblatex)                - Invalid format of field 'month'.


Package biblatex Warning: BibTeX reported the following issues
(biblatex)                with 'Sculley':
(biblatex)                - Can't use 'location' + 'address'.


Package biblatex Warning: BibTeX reported the following issues
(biblatex)                with 'boost_graph':
(biblatex)                - Invalid format of field 'month'.


Package biblatex Warning: BibTeX reported the following issues
(biblatex)                with 'pca':
(biblatex)                - Invalid format of field 'month'.


Package biblatex Warning: BibTeX reported the following issues
(biblatex)                with 'opencv_manual':
(biblatex)                - Invalid format of field 'month'.


Package biblatex Warning: BibTeX reported the following issues
(biblatex)                with 'sgd_svm':
(biblatex)                - Can't use 'location' + 'address'.

)
Package biblatex Info: Reference section=0 on input line 366.
Package biblatex Info: Reference segment=0 on input line 366.
Package lastpage Info: Please have a look at the pageslts package at
(lastpage)             https://www.ctan.org/pkg/pageslts
(lastpage)             ! on input line 366.
\AtBeginShipoutBox=\box48
Package hyperref Info: Link coloring ON on input line 366.
 (/usr/local/texlive/2015/texmf-dist/tex/latex/hyperref/nameref.sty
Package: nameref 2012/10/27 v2.43 Cross-referencing by name of section

(/usr/local/texlive/2015/texmf-dist/tex/generic/oberdiek/gettitlestring.sty
Package: gettitlestring 2010/12/03 v1.4 Cleanup title references (HO)
)
\c@section@level=\count339
)
LaTeX Info: Redefining \ref on input line 366.
LaTeX Info: Redefining \pageref on input line 366.
LaTeX Info: Redefining \nameref on input line 366.

(./YourName-thesis.out) (./YourName-thesis.out)
\@outlinefile=\write5
\openout5 = `YourName-thesis.out'.

LaTeX Info: Redefining \microtypecontext on input line 366.
Package microtype Info: Generating PDF output.
Package microtype Info: Character protrusion enabled (level 2).
Package microtype Info: Using default protrusion set `alltext'.
Package microtype Info: Automatic font expansion enabled (level 2),
(microtype)             stretch: 20, shrink: 20, step: 1, non-selected.
Package microtype Info: Using default expansion set `basictext'.
Package microtype Info: No adjustment of tracking.
Package microtype Info: No adjustment of interword spacing.
Package microtype Info: No adjustment of character kerning.
Package microtype Info: Loading generic settings for font family
(microtype)             `mdput' (encoding: T1).
(microtype)             For optimal results, create family-specific settings.
(microtype)             See the microtype manual for details.

ABD: EveryShipout initializing macros
\openout2 = `front.aux'.

 (./front.tex
LaTeX Font Info:    Font shape `T1/mdput/b/n' will be
(Font)              scaled to size 10.29301pt on input line 2.
LaTeX Font Info:    Font shape `T1/mdput/b/n' will be
(Font)              scaled to size 11.28003pt on input line 2.

Underfull \hbox (badness 10000) in paragraph at lines 2--2

 []

[1







{/usr/local/texlive/2015/texmf-var/fonts/map/pdftex/updmap/pdftex.map}]
LaTeX Font Info:    Try loading font information for TS1+mdput on input line 16
.

(/usr/local/texlive/2015/texmf-dist/tex/latex/mathdesign/mdput/ts1mdput.fd
File: ts1mdput.fd 2013/08/29 Fontinst v1.933 font definitions for TS1/mdput.
)
LaTeX Font Info:    Font shape `TS1/mdput/m/n' will be
(Font)              scaled to size 10.29301pt on input line 16.
Package microtype Info: Loading generic settings for font family
(microtype)             `mdput' (encoding: TS1).
(microtype)             For optimal results, create family-specific settings.
(microtype)             See the microtype manual for details.
pdfTeX warning (ext4): destination with the same identifier (name{page.i}) has 
been already used, duplicate ignored
<to be read again> 
                   \relax 
l.16 \makecopyrightpage
                        [1

]
LaTeX Font Info:    Try loading font information for OT1+mdput on input line 19
.

(/usr/local/texlive/2015/texmf-dist/tex/latex/mathdesign/mdput/ot1mdput.fd
File: ot1mdput.fd 2013/08/29 Fontinst v1.933 font definitions for OT1/mdput.
)
LaTeX Font Info:    Font shape `OT1/mdput/m/n' will be
(Font)              scaled to size 10.29301pt on input line 19.
Package microtype Info: Loading generic settings for font family
(microtype)             `mdput' (encoding: OT1).
(microtype)             For optimal results, create family-specific settings.
(microtype)             See the microtype manual for details.
LaTeX Font Info:    Font shape `OT1/mdput/m/n' will be
(Font)              scaled to size 7.52002pt on input line 19.
LaTeX Font Info:    Font shape `OT1/mdput/m/n' will be
(Font)              scaled to size 5.64001pt on input line 19.
LaTeX Font Info:    Try loading font information for OML+mdput on input line 19
.

(/usr/local/texlive/2015/texmf-dist/tex/latex/mathdesign/mdput/omlmdput.fd
File: omlmdput.fd 2013/08/29 Fontinst v1.933 font definitions for OML/mdput.
)
LaTeX Font Info:    Font shape `OML/mdput/m/it' will be
(Font)              scaled to size 10.29301pt on input line 19.
LaTeX Font Info:    Font shape `OML/mdput/m/it' will be
(Font)              scaled to size 7.52002pt on input line 19.
LaTeX Font Info:    Font shape `OML/mdput/m/it' will be
(Font)              scaled to size 5.64001pt on input line 19.
LaTeX Font Info:    Try loading font information for OMS+mdput on input line 19
.

(/usr/local/texlive/2015/texmf-dist/tex/latex/mathdesign/mdput/omsmdput.fd
File: omsmdput.fd 2013/08/29 Fontinst v1.933 font definitions for OMS/mdput.
)
LaTeX Font Info:    Font shape `OMS/mdput/m/n' will be
(Font)              scaled to size 10.29301pt on input line 19.
LaTeX Font Info:    Font shape `OMS/mdput/m/n' will be
(Font)              scaled to size 7.52002pt on input line 19.
LaTeX Font Info:    Font shape `OMS/mdput/m/n' will be
(Font)              scaled to size 5.64001pt on input line 19.
LaTeX Font Info:    Try loading font information for OMX+mdput on input line 19
.

(/usr/local/texlive/2015/texmf-dist/tex/latex/mathdesign/mdput/omxmdput.fd
File: omxmdput.fd 2013/08/29 Fontinst v1.933 font definitions for OMX/mdput.
)
LaTeX Font Info:    Font shape `OMX/mdput/m/n' will be
(Font)              scaled to size 10.29301pt on input line 19.
LaTeX Font Info:    Font shape `OMX/mdput/m/n' will be
(Font)              scaled to size 7.52002pt on input line 19.
LaTeX Font Info:    Font shape `OMX/mdput/m/n' will be
(Font)              scaled to size 5.64001pt on input line 19.

(/usr/local/texlive/2015/texmf-dist/tex/latex/microtype/mt-cmr.cfg
File: mt-cmr.cfg 2013/05/19 v2.2 microtype config. file: Computer Modern Roman 
(RS)
)
LaTeX Font Info:    Font shape `OML/mdput/m/n' will be
(Font)              scaled to size 10.29301pt on input line 19.
LaTeX Font Info:    Font shape `OML/mdput/m/n' will be
(Font)              scaled to size 7.52002pt on input line 19.
LaTeX Font Info:    Font shape `OML/mdput/m/n' will be
(Font)              scaled to size 5.64001pt on input line 19.
LaTeX Font Info:    Try loading font information for MDA+mdput on input line 19
.

(/usr/local/texlive/2015/texmf-dist/tex/latex/mathdesign/mdput/mdamdput.fd
File: mdamdput.fd 2013/08/29 Fontinst v1.933 font definitions for MDA/mdput.
)
LaTeX Font Info:    Font shape `MDA/mdput/m/n' will be
(Font)              scaled to size 10.29301pt on input line 19.
LaTeX Font Info:    Font shape `MDA/mdput/m/n' will be
(Font)              scaled to size 7.52002pt on input line 19.
LaTeX Font Info:    Font shape `MDA/mdput/m/n' will be
(Font)              scaled to size 5.64001pt on input line 19.
LaTeX Font Info:    Try loading font information for MDB+mdput on input line 19
.

(/usr/local/texlive/2015/texmf-dist/tex/latex/mathdesign/mdput/mdbmdput.fd
File: mdbmdput.fd 2013/08/29 Fontinst v1.933 font definitions for MDB/mdput.
)
LaTeX Font Info:    Font shape `MDB/mdput/m/n' will be
(Font)              scaled to size 10.29301pt on input line 19.
LaTeX Font Info:    Font shape `MDB/mdput/m/n' will be
(Font)              scaled to size 7.52002pt on input line 19.
LaTeX Font Info:    Font shape `MDB/mdput/m/n' will be
(Font)              scaled to size 5.64001pt on input line 19.
pdfTeX warning (ext4): destination with the same identifier (name{page.i}) has 
been already used, duplicate ignored
<to be read again> 
                   \relax 
l.19 \maketitlepage
                    [1

] [2


] [3


] [4


] (./YourName-thesis.toc [5

])
\tf@toc=\write6
\openout6 = `YourName-thesis.toc'.

 [6]
(./YourName-thesis.lot
LaTeX Font Info:    Font shape `T1/mdput/m/it' will be
(Font)              scaled to size 10.29301pt on input line 17.
)
\tf@lot=\write7
\openout7 = `YourName-thesis.lot'.

 [7

] (./YourName-thesis.lof)
\tf@lof=\write8
\openout8 = `YourName-thesis.lof'.

 [8

])
*geometry* verbose mode - [ newgeometry ] result:
* driver: pdftex
* paper: <default>
* layout: <same size as paper>
* layoutoffset:(h,v)=(0.0pt,0.0pt)
* modes: includehead includefoot 
* h-part:(L,W,R)=(90.3375pt, 451.68752pt, 72.26999pt)
* v-part:(T,H,B)=(72.26999pt, 650.43001pt, 72.26999pt)
* \paperwidth=614.295pt
* \paperheight=794.96999pt
* \textwidth=451.68752pt
* \textheight=574.10342pt
* \oddsidemargin=18.0675pt
* \evensidemargin=18.0675pt
* \topmargin=0.0pt
* \headheight=14.0pt
* \headsep=19.8738pt
* \topskip=11.0pt
* \footskip=42.45279pt
* \marginparwidth=62.0pt
* \marginparsep=7.0pt
* \columnsep=10.0pt
* \skip\footins=10.0pt plus 4.0pt minus 2.0pt
* \hoffset=0.0pt
* \voffset=0.0pt
* \mag=1000
* \@twocolumnfalse
* \@twosidefalse
* \@mparswitchfalse
* \@reversemarginfalse
* (1in=72.27pt=25.4mm, 1cm=28.453pt)

\openout2 = `Chapter-1/Chapter-1.aux'.


(./Chapter-1/Chapter-1.tex
Chapter 1.
LaTeX Font Info:    Font shape `T1/mdput/m/n' will be
(Font)              scaled to size 23.38725pt on input line 1.
LaTeX Font Info:    Font shape `T1/mdput/m/n' will be
(Font)              scaled to size 13.53603pt on input line 1.
LaTeX Font Info:    Font shape `OT1/mdput/m/n' will be
(Font)              scaled to size 13.53603pt on input line 1.
LaTeX Font Info:    Font shape `OT1/mdput/m/n' will be
(Font)              scaled to size 9.40002pt on input line 1.
LaTeX Font Info:    Font shape `OT1/mdput/m/n' will be
(Font)              scaled to size 6.58002pt on input line 1.
LaTeX Font Info:    Font shape `OML/mdput/m/it' will be
(Font)              scaled to size 13.53603pt on input line 1.
LaTeX Font Info:    Font shape `OML/mdput/m/it' will be
(Font)              scaled to size 9.40002pt on input line 1.
LaTeX Font Info:    Font shape `OML/mdput/m/it' will be
(Font)              scaled to size 6.58002pt on input line 1.
LaTeX Font Info:    Font shape `OMS/mdput/m/n' will be
(Font)              scaled to size 13.53603pt on input line 1.
LaTeX Font Info:    Font shape `OMS/mdput/m/n' will be
(Font)              scaled to size 9.40002pt on input line 1.
LaTeX Font Info:    Font shape `OMS/mdput/m/n' will be
(Font)              scaled to size 6.58002pt on input line 1.
LaTeX Font Info:    Font shape `OMX/mdput/m/n' will be
(Font)              scaled to size 13.53603pt on input line 1.
LaTeX Font Info:    Font shape `OMX/mdput/m/n' will be
(Font)              scaled to size 9.40002pt on input line 1.
LaTeX Font Info:    Font shape `OMX/mdput/m/n' will be
(Font)              scaled to size 6.58002pt on input line 1.
LaTeX Font Info:    Font shape `OML/mdput/m/n' will be
(Font)              scaled to size 13.53603pt on input line 1.
LaTeX Font Info:    Font shape `OML/mdput/m/n' will be
(Font)              scaled to size 9.40002pt on input line 1.
LaTeX Font Info:    Font shape `OML/mdput/m/n' will be
(Font)              scaled to size 6.58002pt on input line 1.
LaTeX Font Info:    Font shape `MDA/mdput/m/n' will be
(Font)              scaled to size 13.53603pt on input line 1.
LaTeX Font Info:    Font shape `MDA/mdput/m/n' will be
(Font)              scaled to size 9.40002pt on input line 1.
LaTeX Font Info:    Font shape `MDA/mdput/m/n' will be
(Font)              scaled to size 6.58002pt on input line 1.
LaTeX Font Info:    Font shape `MDB/mdput/m/n' will be
(Font)              scaled to size 13.53603pt on input line 1.
LaTeX Font Info:    Font shape `MDB/mdput/m/n' will be
(Font)              scaled to size 9.40002pt on input line 1.
LaTeX Font Info:    Font shape `MDB/mdput/m/n' will be
(Font)              scaled to size 6.58002pt on input line 1.
[1






]
LaTeX Font Info:    Font shape `T1/mdput/b/it' will be
(Font)              scaled to size 10.29301pt on input line 15.
)
LaTeX Font Info:    Font shape `T1/mdput/m/sl' will be
(Font)              scaled to size 10.29301pt on input line 380.
 [2
design size mismatch in local font md-utro8t in virtual font mdputro8t.vf ignor
ed.] [3]
\openout2 = `Chapter-2/Chapter-2.aux'.

 (./Chapter-2/Chapter-2.tex
Chapter 2.
LaTeX Font Info:    Font shape `T1/mdput/b/n' will be
(Font)              scaled to size 13.53603pt on input line 3.
[4



] [5] [6] [7]) [8]
\openout2 = `Chapter-3/Chapter-3.aux'.

 (./Chapter-3/Chapter-3.tex
Chapter 3.
[9



]
LaTeX Font Info:    Font shape `T1/mdput/m/n' will be
(Font)              scaled to size 11.28003pt on input line 11.
 [10]) [11]
\openout2 = `Chapter-4/Chapter-4.aux'.

 (./Chapter-4/Chapter-4.tex
Chapter 4.
[12



] [13] [14]
<Chapter-4/figs/pca_real_data.png, id=406, 360.34625pt x 368.37625pt>
File: Chapter-4/figs/pca_real_data.png Graphic file (type png)

<use Chapter-4/figs/pca_real_data.png>
Package pdftex.def Info: Chapter-4/figs/pca_real_data.png used on input line 49
.
(pdftex.def)             Requested size: 203.258pt x 207.78445pt.
LaTeX Font Info:    Font shape `T1/mdput/m/n' will be
(Font)              scaled to size 8.46002pt on input line 49.
LaTeX Font Info:    Font shape `T1/mdput/b/n' will be
(Font)              scaled to size 8.46002pt on input line 49.

<Chapter-4/figs/pca_proj_data.png, id=408, 369.38pt x 373.395pt>
File: Chapter-4/figs/pca_proj_data.png Graphic file (type png)

<use Chapter-4/figs/pca_proj_data.png>
Package pdftex.def Info: Chapter-4/figs/pca_proj_data.png used on input line 53
.
(pdftex.def)             Requested size: 203.258pt x 205.46474pt.
LaTeX Font Info:    Font shape `T1/mdput/m/n' will be
(Font)              scaled to size 9.40002pt on input line 54.
LaTeX Font Info:    Font shape `T1/mdput/b/n' will be
(Font)              scaled to size 9.40002pt on input line 54.

<Chapter-4/figs/pca_real_data_axis.png, id=413, 353.32pt x 65.24374pt>
File: Chapter-4/figs/pca_real_data_axis.png Graphic file (type png)

<use Chapter-4/figs/pca_real_data_axis.png>
Package pdftex.def Info: Chapter-4/figs/pca_real_data_axis.png used on input li
ne 64.
(pdftex.def)             Requested size: 203.258pt x 37.53377pt.

<Chapter-4/figs/pca_proj_data_axis.png, id=414, 360.34625pt x 60.225pt>
File: Chapter-4/figs/pca_proj_data_axis.png Graphic file (type png)

<use Chapter-4/figs/pca_proj_data_axis.png>
Package pdftex.def Info: Chapter-4/figs/pca_proj_data_axis.png used on input li
ne 68.
(pdftex.def)             Requested size: 203.258pt x 33.9702pt.
LaTeX Font Info:    Font shape `T1/mdput/m/n' will be
(Font)              scaled to size 7.52002pt on input line 79.
LaTeX Font Info:    Font shape `T1/mdput/m/n' will be
(Font)              scaled to size 5.64001pt on input line 79.

Overfull \hbox (12.36124pt too wide) detected at line 85
[][] []
 []

[15]
Underfull \hbox (badness 10000) in paragraph at lines 87--99

 []

[16 <./Chapter-4/figs/pca_real_data.png> <./Chapter-4/figs/pca_proj_data.png> <
./Chapter-4/figs/pca_real_data_axis.png> <./Chapter-4/figs/pca_proj_data_axis.p
ng>]
Underfull \hbox (badness 10000) in paragraph at lines 100--104

 []

[17]
Package hyperref Info: bookmark level for unknown algorithm defaults to 0 on in
put line 127.
LaTeX Font Info:    Font shape `T1/mdput/m/fsc' will be
(Font)              scaled to size 10.29301pt on input line 130.
LaTeX Font Info:    Font shape `T1/mdput/m/fsc' will be
(Font)              scaled to size 9.40002pt on input line 156.
LaTeX Font Info:    Font shape `OT1/mdput/m/n' will be
(Font)              scaled to size 4.70001pt on input line 156.
LaTeX Font Info:    Font shape `OML/mdput/m/it' will be
(Font)              scaled to size 4.70001pt on input line 156.
LaTeX Font Info:    Font shape `OMS/mdput/m/n' will be
(Font)              scaled to size 4.70001pt on input line 156.
LaTeX Font Info:    Font shape `OMX/mdput/m/n' will be
(Font)              scaled to size 4.70001pt on input line 156.
LaTeX Font Info:    Font shape `OML/mdput/m/n' will be
(Font)              scaled to size 4.70001pt on input line 156.
LaTeX Font Info:    Font shape `MDA/mdput/m/n' will be
(Font)              scaled to size 4.70001pt on input line 156.
LaTeX Font Info:    Font shape `MDB/mdput/m/n' will be
(Font)              scaled to size 4.70001pt on input line 156.
LaTeX Font Info:    Font shape `T1/mdput/m/n' will be
(Font)              scaled to size 6.58002pt on input line 156.
LaTeX Font Info:    Font shape `T1/mdput/m/n' will be
(Font)              scaled to size 4.70001pt on input line 156.

Overfull \hbox (19.22926pt too wide) in paragraph at lines 161--162
[] $\OML/mdput/m/it/10 score[]$ \T1/mdput/m/n/10.95 (-20) += $\OML/mdput/m/it/1
0 CalcWelchScr\OT1/mdput/m/n/10 (-20) (\OML/mdput/m/it/10 Data[]:columnAt\OT1/m
dput/m/n/10 (-20) (\OML/mdput/m/it/10 dim[]\OT1/mdput/m/n/10 (-20) )\OML/mdput/
m/it/10 ;  Data[]:columnAt\OT1/mdput/m/n/10 (-20) (\OML/mdput/m/it/10 dim[]\OT1
/mdput/m/n/10 (-20) ))$ 
 []


Overfull \hbox (11.26639pt too wide) in paragraph at lines 234--235
[] $\OML/mdput/m/it/10 best[]match[]score[]$ \T1/mdput/m/n/10.95 (-20) = $\OML/
mdput/m/it/10 ComputeSimilarity\OT1/mdput/m/n/10 (-20) (\OML/mdput/m/it/10 Data
[]Set[];  primary[]candidates\OT1/mdput/m/n/10 (-20) [0])$ 
 []


Overfull \hbox (11.08508pt too wide) in paragraph at lines 236--237
[] $\OML/mdput/m/it/10 best[]match[]score[] \OT1/mdput/m/n/10 (-20) = \OML/mdpu
t/m/it/10 ComputeSimilarity\OT1/mdput/m/n/10 (-20) (\OML/mdput/m/it/10 Data[]Se
t[];  primary[]candidates\OT1/mdput/m/n/10 (-20) [1])$ 
 []

[18] [19] [20] [21] [22] [23] [24]) [25]
\openout2 = `Chapter-5/Chapter-5.aux'.

 (./Chapter-5/Chapter-5.tex
Chapter 5.
[26



] <Chapter-5/figs/road_240.jpg, id=508, 1124.2pt x 843.15pt>
File: Chapter-5/figs/road_240.jpg Graphic file (type jpg)

<use Chapter-5/figs/road_240.jpg>
Package pdftex.def Info: Chapter-5/figs/road_240.jpg used on input line 13.
(pdftex.def)             Requested size: 451.68752pt x 338.75928pt.

<Chapter-5/figs/nnData_600.jpg, id=509, 1124.2pt x 843.15pt>
File: Chapter-5/figs/nnData_600.jpg Graphic file (type jpg)

<use Chapter-5/figs/nnData_600.jpg>
Package pdftex.def Info: Chapter-5/figs/nnData_600.jpg used on input line 20.
(pdftex.def)             Requested size: 451.68752pt x 338.75928pt.

Overfull \hbox (8.30788pt too wide) in paragraph at lines 33--73
 [][] 
 []


LaTeX Warning: `!h' float specifier changed to `!ht'.

[27 <./Chapter-5/figs/road_240.jpg>] [28 <./Chapter-5/figs/nnData_600.jpg>]
[29] <Chapter-5/figs/stacked_overhead.jpg, id=530, 1124.2pt x 843.15pt>
File: Chapter-5/figs/stacked_overhead.jpg Graphic file (type jpg)

<use Chapter-5/figs/stacked_overhead.jpg>
Package pdftex.def Info: Chapter-5/figs/stacked_overhead.jpg used on input line
 87.
(pdftex.def)             Requested size: 451.68752pt x 338.75928pt.
LaTeX Font Info:    Font shape `T1/mdput/m/it' will be
(Font)              scaled to size 9.40002pt on input line 88.

<Chapter-5/figs/stacked_overhead_large.jpg, id=531, 1124.2pt x 843.15pt>
File: Chapter-5/figs/stacked_overhead_large.jpg Graphic file (type jpg)

<use Chapter-5/figs/stacked_overhead_large.jpg>
Package pdftex.def Info: Chapter-5/figs/stacked_overhead_large.jpg used on inpu
t line 94.
(pdftex.def)             Requested size: 451.68752pt x 338.75928pt.

<Chapter-5/figs/PCA_results.jpg, id=532, 1124.2pt x 843.15pt>
File: Chapter-5/figs/PCA_results.jpg Graphic file (type jpg)

<use Chapter-5/figs/PCA_results.jpg>
Package pdftex.def Info: Chapter-5/figs/PCA_results.jpg used on input line 101.

(pdftex.def)             Requested size: 451.68752pt x 338.75928pt.

Overfull \hbox (44.76265pt too wide) in paragraph at lines 120--168
 [][] 
 []

[30] [31 <./Chapter-5/figs/stacked_overhead.jpg>]
<Chapter-5/figs/k_means_speedup_line_small.jpg, id=544, 1124.2pt x 843.15pt>
File: Chapter-5/figs/k_means_speedup_line_small.jpg Graphic file (type jpg)

<use Chapter-5/figs/k_means_speedup_line_small.jpg>
Package pdftex.def Info: Chapter-5/figs/k_means_speedup_line_small.jpg used on 
input line 181.
(pdftex.def)             Requested size: 1124.19727pt x 843.14793pt.

<Chapter-5/figs/k_means_speedup_line_large.jpg, id=545, 1124.2pt x 843.15pt>
File: Chapter-5/figs/k_means_speedup_line_large.jpg Graphic file (type jpg)

<use Chapter-5/figs/k_means_speedup_line_large.jpg>
Package pdftex.def Info: Chapter-5/figs/k_means_speedup_line_large.jpg used on 
input line 189.
(pdftex.def)             Requested size: 1124.19727pt x 843.14793pt.


LaTeX Warning: `!h' float specifier changed to `!ht'.


Overfull \hbox (44.67pt too wide) in paragraph at lines 203--245
 [][] 
 []

[32 <./Chapter-5/figs/stacked_overhead_large.jpg>]
<Chapter-5/figs/kpp+k_cust_speedup_small.jpg, id=555, 738.76pt x 620.3175pt>
File: Chapter-5/figs/kpp+k_cust_speedup_small.jpg Graphic file (type jpg)

<use Chapter-5/figs/kpp+k_cust_speedup_small.jpg>
Package pdftex.def Info: Chapter-5/figs/kpp+k_cust_speedup_small.jpg used on in
put line 254.
(pdftex.def)             Requested size: 451.68752pt x 379.27339pt.

<Chapter-5/figs/kcust+kpp_speedup_large.jpg, id=556, 740.7675pt x 638.385pt>
File: Chapter-5/figs/kcust+kpp_speedup_large.jpg Graphic file (type jpg)

<use Chapter-5/figs/kcust+kpp_speedup_large.jpg>
Package pdftex.def Info: Chapter-5/figs/kcust+kpp_speedup_large.jpg used on inp
ut line 262.
(pdftex.def)             Requested size: 451.68752pt x 389.2584pt.
) [33 <./Chapter-5/figs/PCA_results.jpg>] [34 <./Chapter-5/figs/k_means_speedup
_line_small.jpg>] [35] [36 <./Chapter-5/figs/k_means_speedup_line_large.jpg>] [
37] [38 <./Chapter-5/figs/kpp+k_cust_speedup_small.jpg>] [39 <./Chapter-5/figs/
kcust+kpp_speedup_large.jpg>]
\openout2 = `Chapter-6/Chapter-6.aux'.


(./Chapter-6/Chapter-6.tex
Chapter 6.
) [40



] [41]
\openout2 = `Chapter-7/Chapter-7.aux'.

 (./Chapter-7/Chapter-7.tex
Chapter 7.
) [42



]

Package hyperref Warning: Token not allowed in a PDF string (PDFDocEncoding):
(hyperref)                removing `\uppercase' on input line 418.

[43


]
LaTeX Font Info:    Font shape `T1/cmtt/m/n' will be
(Font)              scaled to size 11.71657pt on input line 422.
Package microtype Info: Loading generic settings for font family
(microtype)             `cmtt' (encoding: T1).
(microtype)             For optimal results, create family-specific settings.
(microtype)             See the microtype manual for details.
 [44] [45]
*geometry* verbose mode - [ newgeometry ] result:
* driver: pdftex
* paper: <default>
* layout: <same size as paper>
* layoutoffset:(h,v)=(0.0pt,0.0pt)
* modes: includehead includefoot 
* h-part:(L,W,R)=(90.3375pt, 451.68752pt, 72.26999pt)
* v-part:(T,H,B)=(72.26999pt, 650.43001pt, 72.26999pt)
* \paperwidth=614.295pt
* \paperheight=794.96999pt
* \textwidth=451.68752pt
* \textheight=574.10342pt
* \oddsidemargin=18.0675pt
* \evensidemargin=18.0675pt
* \topmargin=0.0pt
* \headheight=14.0pt
* \headsep=19.8738pt
* \topskip=11.0pt
* \footskip=42.45279pt
* \marginparwidth=62.0pt
* \marginparsep=7.0pt
* \columnsep=10.0pt
* \skip\footins=10.0pt plus 4.0pt minus 2.0pt
* \hoffset=0.0pt
* \voffset=0.0pt
* \mag=1000
* \@twocolumnfalse
* \@twosidefalse
* \@mparswitchfalse
* \@reversemarginfalse
* (1in=72.27pt=25.4mm, 1cm=28.453pt)

 
AED: lastpage setting LastPage
Package atveryend Info: Empty hook `BeforeClearDocument' on input line 444.
Package atveryend Info: Empty hook `AfterLastShipout' on input line 444.
(./YourName-thesis.aux (./front.aux) (./Chapter-1/Chapter-1.aux)
(./Chapter-2/Chapter-2.aux) (./Chapter-3/Chapter-3.aux)
(./Chapter-4/Chapter-4.aux) (./Chapter-5/Chapter-5.aux)
(./Chapter-6/Chapter-6.aux) (./Chapter-7/Chapter-7.aux))
Package atveryend Info: Executing hook `AtVeryEndDocument' on input line 444.
Package atveryend Info: Executing hook `AtEndAfterFileList' on input line 444.
Package rerunfilecheck Info: File `YourName-thesis.out' has not changed.
(rerunfilecheck)             Checksum: 2D8E4B4B7BED2BACA478D910ADBB0B53;2746.
Package atveryend Info: Empty hook `AtVeryVeryEnd' on input line 444.
Package logreq Info: Writing requests to 'YourName-thesis.run.xml'.
\openout1 = `YourName-thesis.run.xml'.

 ) 
Here is how much of TeX's memory you used:
 30209 strings out of 493089
 529820 string characters out of 6134842
 994145 words of memory out of 5000000
 32369 multiletter control sequences out of 15000+600000
 247111 words of font info for 441 fonts, out of 8000000 for 9000
 1141 hyphenation exceptions out of 8191
 55i,18n,76p,1518b,2485s stack positions out of 5000i,500n,10000p,200000b,80000s
{/usr/local/texlive/2015/texmf-dist/fonts/enc/dvips/cm-super/cm-super-t1.enc}
{/usr/local/texlive/2015/texmf-dist/fonts/enc/dvips/ly1/texnansi.enc}</usr/loca
l/texlive/2015/texmf-dist/fonts/type1/public/mathdesign/mdput/md-utb8t.pfb></us
r/local/texlive/2015/texmf-dist/fonts/type1/public/mathdesign/mdput/md-utr7t.pf
b></usr/local/texlive/2015/texmf-dist/fonts/type1/public/mathdesign/mdput/md-ut
r7y.pfb></usr/local/texlive/2015/texmf-dist/fonts/type1/public/mathdesign/mdput
/md-utr8t.pfb></usr/local/texlive/2015/texmf-dist/fonts/type1/public/mathdesign
/mdput/md-utr8t.pfb></usr/local/texlive/2015/texmf-dist/fonts/type1/public/math
design/mdput/md-utri7m.pfb></usr/local/texlive/2015/texmf-dist/fonts/type1/publ
ic/mathdesign/mdput/md-utri8t.pfb></usr/local/texlive/2015/texmf-dist/fonts/typ
e1/adobe/utopia/putb8a.pfb></usr/local/texlive/2015/texmf-dist/fonts/type1/adob
e/utopia/putbi8a.pfb></usr/local/texlive/2015/texmf-dist/fonts/type1/adobe/utop
ia/putr8a.pfb></usr/local/texlive/2015/texmf-dist/fonts/type1/adobe/utopia/putr
8a.pfb></usr/local/texlive/2015/texmf-dist/fonts/type1/adobe/utopia/putri8a.pfb
></usr/local/texlive/2015/texmf-dist/fonts/type1/public/cm-super/sftt1095.pfb>
Output written on YourName-thesis.pdf (55 pages, 836375 bytes).
PDF statistics:
 706 PDF objects out of 1000 (max. 8388607)
 610 compressed objects within 7 object streams
 156 named destinations out of 1000 (max. 500000)
 73086 words of extra memory for PDF output out of 74296 (max. 10000000)

